<?xml version="1.0" encoding="UTF-8"?>
<robot generator="Robot 5.0.1 (Python 3.7.5 on linux)" generated="20220624 08:42:31.184" rpa="true" schemaversion="3">
<suite id="s1" name="Tasks" source="/home/felipe_carlone/Desktop/Robocorp_2/tasks.robot">
<test id="s1-t1" name="Order robots from RobotSpareBin Industries Inc" line="19">
<kw name="Open the robot order website">
<kw name="Open Available Browser" library="RPA.Browser.Selenium">
<arg>https://robotsparebinindustries.com/#/robot-order</arg>
<doc>Attempts to open a browser on the user's device from a set of
supported browsers. Automatically downloads a corresponding webdriver
if none is already installed.</doc>
<msg timestamp="20220624 08:42:32.935" level="INFO">Creating an instance of the Chrome WebDriver.</msg>
<msg timestamp="20220624 08:42:32.940" level="INFO">Created download root directory: /home/felipe_carlone/.robocorp/webdrivers</msg>
<msg timestamp="20220624 08:42:32.941" level="INFO">Created symlink directory: /home/felipe_carlone/.robocorp/webdrivers</msg>
<msg timestamp="20220624 08:42:32.943" level="INFO">Creating an instance of the Chrome WebDriver.</msg>
<msg timestamp="20220624 08:42:34.348" level="INFO">Created Chrome browser with arguments: --disable-dev-shm-usage --disable-web-security --allow-running-insecure-content --no-sandbox</msg>
<msg timestamp="20220624 08:42:34.348" level="INFO" html="true">&lt;p&gt;Attempted combinations:&lt;/p&gt;&lt;div class="doc"&gt;&lt;table&gt;&lt;tr&gt;&lt;th&gt;Browser&lt;/th&gt;&lt;th&gt;Download&lt;/th&gt;&lt;th&gt;Error&lt;/th&gt;&lt;/tr&gt;&lt;tr&gt;&lt;td&gt;Chrome&lt;/td&gt;&lt;td&gt;False&lt;/td&gt;&lt;td&gt;Message: 'chromedriver' executable needs to be in PATH. Please see https://sites.google.com/a/chromium.org/chromedriver/home
&lt;/td&gt;&lt;/tr&gt;&lt;tr&gt;&lt;td&gt;Chrome&lt;/td&gt;&lt;td&gt;True&lt;/td&gt;&lt;td&gt;&lt;/td&gt;&lt;/tr&gt;&lt;/table&gt;&lt;/div&gt;</msg>
<msg timestamp="20220624 08:42:34.349" level="INFO">Opening url 'https://robotsparebinindustries.com/#/robot-order'</msg>
<status status="PASS" starttime="20220624 08:42:32.934" endtime="20220624 08:42:35.227"/>
</kw>
<status status="PASS" starttime="20220624 08:42:32.934" endtime="20220624 08:42:35.228"/>
</kw>
<kw name="Get table">
<var>${table}</var>
<kw name="Download" library="RPA.HTTP">
<arg>https://robotsparebinindustries.com/orders.csv</arg>
<arg>overwrite=True</arg>
<doc>An alias for the ``HTTP Get`` keyword.</doc>
<msg timestamp="20220624 08:42:35.230" level="INFO">Creating a new HTTP session</msg>
<msg timestamp="20220624 08:42:35.230" level="INFO">Creating Session using : alias=rpasession_alias.httpsrobotsparebinindustries.com, url=https://robotsparebinindustries.com, headers={},                     cookies={}, auth=None, timeout=None, proxies=None, verify=True,                     debug=0 </msg>
<status status="PASS" starttime="20220624 08:42:35.229" endtime="20220624 08:42:35.422"/>
</kw>
<kw name="Read table from CSV" library="RPA.Tables">
<var>${table}</var>
<arg>orders.csv</arg>
<arg>header=True</arg>
<doc>Read a CSV file as a table.</doc>
<msg timestamp="20220624 08:42:35.433" level="INFO">${table} = Table(columns=['Order number', 'Head', 'Body', 'Legs', 'Address'], rows=20)</msg>
<status status="PASS" starttime="20220624 08:42:35.424" endtime="20220624 08:42:35.433"/>
</kw>
<return>
<value>@{table}</value>
<status status="PASS" starttime="20220624 08:42:35.434" endtime="20220624 08:42:35.434"/>
</return>
<msg timestamp="20220624 08:42:35.437" level="INFO">${table} = [{'Order number': '1', 'Head': '1', 'Body': '2', 'Legs': '3', 'Address': 'Address 123'}, {'Order number': '2', 'Head': '4', 'Body': '1', 'Legs': '5', 'Address': 'Address 456'}, {'Order number': '3', '...</msg>
<status status="PASS" starttime="20220624 08:42:35.228" endtime="20220624 08:42:35.437"/>
</kw>
<for flavor="IN">
<var>${row}</var>
<value>@{table}</value>
<iter>
<var name="${row}">{'Order number': '1', 'Head': '1', 'Body': '2', 'Legs': '3', 'Address': 'Address 123'}</var>
<kw name="Close the annoying modal">
<kw name="Click Button" library="RPA.Browser.Selenium">
<arg>xpath:/html/body/div/div/div[2]/div/div/div/div/div/button[1]</arg>
<doc>Clicks the button identified by ``locator``.</doc>
<msg timestamp="20220624 08:42:35.444" level="INFO">Clicking button 'xpath:/html/body/div/div/div[2]/div/div/div/div/div/button[1]'.</msg>
<status status="PASS" starttime="20220624 08:42:35.442" endtime="20220624 08:42:35.675"/>
</kw>
<status status="PASS" starttime="20220624 08:42:35.440" endtime="20220624 08:42:35.676"/>
</kw>
<kw name="Fill the form">
<arg>${row}</arg>
<kw name="Select From List By Value" library="RPA.Browser.Selenium">
<arg>head</arg>
<arg>${row}[Head]</arg>
<doc>Selects options from selection list ``locator`` by ``values``.</doc>
<msg timestamp="20220624 08:42:35.680" level="INFO">Selecting options from selection list 'head' by value 1.</msg>
<status status="PASS" starttime="20220624 08:42:35.679" endtime="20220624 08:42:35.782"/>
</kw>
<kw name="Select Radio Button" library="RPA.Browser.Selenium">
<arg>body</arg>
<arg>${row}[Body]</arg>
<doc>Sets the radio button group ``group_name`` to ``value``.</doc>
<msg timestamp="20220624 08:42:35.783" level="INFO">Selecting '2' from radio button 'body'.</msg>
<status status="PASS" starttime="20220624 08:42:35.783" endtime="20220624 08:42:35.838"/>
</kw>
<kw name="Input Text" library="RPA.Browser.Selenium">
<arg>class:form-control</arg>
<arg>${row}[Legs]</arg>
<doc>Types the given ``text`` into the text field identified by ``locator``.</doc>
<msg timestamp="20220624 08:42:35.839" level="INFO">Typing text '3' into text field 'class:form-control'.</msg>
<status status="PASS" starttime="20220624 08:42:35.839" endtime="20220624 08:42:35.918"/>
</kw>
<kw name="Input Text" library="RPA.Browser.Selenium">
<arg>address</arg>
<arg>${row}[Address]</arg>
<doc>Types the given ``text`` into the text field identified by ``locator``.</doc>
<msg timestamp="20220624 08:42:35.920" level="INFO">Typing text 'Address 123' into text field 'address'.</msg>
<status status="PASS" starttime="20220624 08:42:35.919" endtime="20220624 08:42:36.014"/>
</kw>
<status status="PASS" starttime="20220624 08:42:35.676" endtime="20220624 08:42:36.015"/>
</kw>
<kw name="Preview the robot">
<kw name="Click Button" library="RPA.Browser.Selenium">
<arg>id=preview</arg>
<doc>Clicks the button identified by ``locator``.</doc>
<msg timestamp="20220624 08:42:36.016" level="INFO">Clicking button 'id=preview'.</msg>
<status status="PASS" starttime="20220624 08:42:36.015" endtime="20220624 08:42:36.072"/>
</kw>
<status status="PASS" starttime="20220624 08:42:36.015" endtime="20220624 08:42:36.072"/>
</kw>
<kw name="Submit the order">
<kw name="Click Button" library="RPA.Browser.Selenium">
<arg>id=order</arg>
<doc>Clicks the button identified by ``locator``.</doc>
<msg timestamp="20220624 08:42:36.074" level="INFO">Clicking button 'id=order'.</msg>
<status status="PASS" starttime="20220624 08:42:36.073" endtime="20220624 08:42:36.127"/>
</kw>
<kw name="Check if error">
<kw name="Is Element Visible" library="RPA.Browser.Selenium">
<var>${A}</var>
<arg>id=receipt</arg>
<doc>Is element visible</doc>
<msg timestamp="20220624 08:42:36.138" level="INFO" html="true">Ran with keyword &lt;b&gt;Element Should Be Visible&lt;/b&gt; which returned error: &lt;i&gt;Element with locator 'id=receipt' not found.&lt;/i&gt;</msg>
<msg timestamp="20220624 08:42:36.138" level="INFO">${A} = False</msg>
<status status="PASS" starttime="20220624 08:42:36.128" endtime="20220624 08:42:36.138"/>
</kw>
<if>
<branch type="IF" condition="&quot;${A}&quot; == 'False'">
<while condition="${A} == False">
<iter>
<kw name="Click Button" library="RPA.Browser.Selenium">
<arg>id=preview</arg>
<doc>Clicks the button identified by ``locator``.</doc>
<msg timestamp="20220624 08:42:36.139" level="INFO">Clicking button 'id=preview'.</msg>
<status status="PASS" starttime="20220624 08:42:36.139" endtime="20220624 08:42:36.184"/>
</kw>
<kw name="Click Button" library="RPA.Browser.Selenium">
<arg>id=order</arg>
<doc>Clicks the button identified by ``locator``.</doc>
<msg timestamp="20220624 08:42:36.185" level="INFO">Clicking button 'id=order'.</msg>
<status status="PASS" starttime="20220624 08:42:36.185" endtime="20220624 08:42:36.235"/>
</kw>
<kw name="Is Element Visible" library="RPA.Browser.Selenium">
<var>${A}</var>
<arg>id=receipt</arg>
<doc>Is element visible</doc>
<msg timestamp="20220624 08:42:36.255" level="INFO">Element 'id=receipt' is displayed.</msg>
<msg timestamp="20220624 08:42:36.255" level="INFO">${A} = True</msg>
<status status="PASS" starttime="20220624 08:42:36.235" endtime="20220624 08:42:36.255"/>
</kw>
<status status="PASS" starttime="20220624 08:42:36.139" endtime="20220624 08:42:36.255"/>
</iter>
<status status="PASS" starttime="20220624 08:42:36.138" endtime="20220624 08:42:36.256"/>
</while>
<status status="PASS" starttime="20220624 08:42:36.138" endtime="20220624 08:42:36.256"/>
</branch>
<status status="PASS" starttime="20220624 08:42:36.138" endtime="20220624 08:42:36.256"/>
</if>
<status status="PASS" starttime="20220624 08:42:36.128" endtime="20220624 08:42:36.256"/>
</kw>
<status status="PASS" starttime="20220624 08:42:36.073" endtime="20220624 08:42:36.256"/>
</kw>
<kw name="Store the receipt as a PDF file">
<var>${pdf}</var>
<arg>${row}[Order number]</arg>
<kw name="Get Element Attribute" library="RPA.Browser.Selenium">
<var>${pdf}</var>
<arg>id=receipt</arg>
<arg>outerHTML</arg>
<doc>Returns the value of ``attribute`` from the element ``locator``.</doc>
<msg timestamp="20220624 08:42:36.270" level="INFO">${pdf} = &lt;div id="receipt" class="alert alert-success" role="alert"&gt;&lt;h3&gt;Receipt&lt;/h3&gt;&lt;div&gt;2022-06-24T11:42:36.224Z&lt;/div&gt;&lt;p class="badge badge-success"&gt;RSB-ROBO-ORDER-41X0AVNMBC&lt;/p&gt;&lt;p&gt;Address 123&lt;/p&gt;&lt;div id="par...</msg>
<status status="PASS" starttime="20220624 08:42:36.258" endtime="20220624 08:42:36.270"/>
</kw>
<kw name="Html To Pdf" library="RPA.PDF">
<arg>${pdf}</arg>
<arg>/home/felipe_carlone/Desktop/Robocorp_2${/}${row}\.pdf</arg>
<doc>Generate a PDF file from HTML content.</doc>
<msg timestamp="20220624 08:42:36.270" level="INFO">Writing output to file /home/felipe_carlone/Desktop/Robocorp_2/1.pdf</msg>
<status status="PASS" starttime="20220624 08:42:36.270" endtime="20220624 08:42:36.370"/>
</kw>
<return>
<value>${pdf}</value>
<status status="PASS" starttime="20220624 08:42:36.370" endtime="20220624 08:42:36.370"/>
</return>
<msg timestamp="20220624 08:42:36.371" level="INFO">${pdf} = &lt;div id="receipt" class="alert alert-success" role="alert"&gt;&lt;h3&gt;Receipt&lt;/h3&gt;&lt;div&gt;2022-06-24T11:42:36.224Z&lt;/div&gt;&lt;p class="badge badge-success"&gt;RSB-ROBO-ORDER-41X0AVNMBC&lt;/p&gt;&lt;p&gt;Address 123&lt;/p&gt;&lt;div id="par...</msg>
<status status="PASS" starttime="20220624 08:42:36.256" endtime="20220624 08:42:36.371"/>
</kw>
<kw name="Take a screenshot of the robot">
<var>${screenshot}</var>
<arg>${row}[Order number]</arg>
<kw name="Capture Element Screenshot" library="RPA.Browser.Selenium">
<var>${screenshot}</var>
<arg>id=robot-preview</arg>
<arg>/home/felipe_carlone/Desktop/Robocorp_2${/}${row}\.png</arg>
<doc>Captures a screenshot from the element identified by ``locator`` and embeds it into log file.</doc>
<msg timestamp="20220624 08:42:36.476" level="INFO" html="true">&lt;/td&gt;&lt;/tr&gt;&lt;tr&gt;&lt;td colspan="3"&gt;&lt;a href="../1.png"&gt;&lt;img src="../1.png" width="400px"&gt;&lt;/a&gt;</msg>
<msg timestamp="20220624 08:42:36.476" level="INFO">${screenshot} = /home/felipe_carlone/Desktop/Robocorp_2/1.png</msg>
<status status="PASS" starttime="20220624 08:42:36.371" endtime="20220624 08:42:36.476"/>
</kw>
<return>
<value>${screenshot}</value>
<status status="PASS" starttime="20220624 08:42:36.476" endtime="20220624 08:42:36.476"/>
</return>
<msg timestamp="20220624 08:42:36.476" level="INFO">${screenshot} = /home/felipe_carlone/Desktop/Robocorp_2/1.png</msg>
<status status="PASS" starttime="20220624 08:42:36.371" endtime="20220624 08:42:36.477"/>
</kw>
<kw name="Embed the robot screenshot to the receipt PDF file">
<arg>${row}[Order number]</arg>
<kw name="Open Pdf" library="RPA.PDF">
<arg>/home/felipe_carlone/Desktop/Robocorp_2${/}${row}\.pdf</arg>
<doc>Open a PDF document for reading.</doc>
<status status="PASS" starttime="20220624 08:42:36.477" endtime="20220624 08:42:36.478"/>
</kw>
<kw name="Add Watermark Image To Pdf" library="RPA.PDF">
<arg>/home/felipe_carlone/Desktop/Robocorp_2${/}${row}\.png</arg>
<arg>/home/felipe_carlone/Desktop/Robocorp_2${/}${row}\.pdf</arg>
<doc>Add an image into an existing or new PDF.</doc>
<msg timestamp="20220624 08:42:36.590" level="INFO">UserWarning: mergePage is deprecated and will be removed in PyPDF2 2.0.0. Use merge_page instead. [_page.py:443]</msg>
<status status="PASS" starttime="20220624 08:42:36.479" endtime="20220624 08:42:36.590"/>
</kw>
<kw name="Remove Files" library="RPA.FileSystem">
<arg>/home/felipe_carlone/Desktop/Robocorp_2${/}${row}\.png</arg>
<doc>Removes multiple files.</doc>
<status status="PASS" starttime="20220624 08:42:36.591" endtime="20220624 08:42:36.591"/>
</kw>
<status status="PASS" starttime="20220624 08:42:36.477" endtime="20220624 08:42:36.592"/>
</kw>
<kw name="Go to order another robot">
<kw name="Click Button" library="RPA.Browser.Selenium">
<arg>xpath:/html/body/div/div/div[1]/div/div[1]/div/button</arg>
<doc>Clicks the button identified by ``locator``.</doc>
<msg timestamp="20220624 08:42:36.592" level="INFO">Clicking button 'xpath:/html/body/div/div/div[1]/div/div[1]/div/button'.</msg>
<status status="PASS" starttime="20220624 08:42:36.592" endtime="20220624 08:42:36.860"/>
</kw>
<status status="PASS" starttime="20220624 08:42:36.592" endtime="20220624 08:42:36.861"/>
</kw>
<status status="PASS" starttime="20220624 08:42:35.439" endtime="20220624 08:42:36.862"/>
</iter>
<iter>
<var name="${row}">{'Order number': '2', 'Head': '4', 'Body': '1', 'Legs': '5', 'Address': 'Address 456'}</var>
<kw name="Close the annoying modal">
<kw name="Click Button" library="RPA.Browser.Selenium">
<arg>xpath:/html/body/div/div/div[2]/div/div/div/div/div/button[1]</arg>
<doc>Clicks the button identified by ``locator``.</doc>
<msg timestamp="20220624 08:42:36.875" level="INFO">Clicking button 'xpath:/html/body/div/div/div[2]/div/div/div/div/div/button[1]'.</msg>
<status status="PASS" starttime="20220624 08:42:36.865" endtime="20220624 08:42:36.957"/>
</kw>
<status status="PASS" starttime="20220624 08:42:36.862" endtime="20220624 08:42:36.957"/>
</kw>
<kw name="Fill the form">
<arg>${row}</arg>
<kw name="Select From List By Value" library="RPA.Browser.Selenium">
<arg>head</arg>
<arg>${row}[Head]</arg>
<doc>Selects options from selection list ``locator`` by ``values``.</doc>
<msg timestamp="20220624 08:42:36.958" level="INFO">Selecting options from selection list 'head' by value 4.</msg>
<status status="PASS" starttime="20220624 08:42:36.958" endtime="20220624 08:42:37.023"/>
</kw>
<kw name="Select Radio Button" library="RPA.Browser.Selenium">
<arg>body</arg>
<arg>${row}[Body]</arg>
<doc>Sets the radio button group ``group_name`` to ``value``.</doc>
<msg timestamp="20220624 08:42:37.024" level="INFO">Selecting '1' from radio button 'body'.</msg>
<status status="PASS" starttime="20220624 08:42:37.023" endtime="20220624 08:42:37.079"/>
</kw>
<kw name="Input Text" library="RPA.Browser.Selenium">
<arg>class:form-control</arg>
<arg>${row}[Legs]</arg>
<doc>Types the given ``text`` into the text field identified by ``locator``.</doc>
<msg timestamp="20220624 08:42:37.080" level="INFO">Typing text '5' into text field 'class:form-control'.</msg>
<status status="PASS" starttime="20220624 08:42:37.079" endtime="20220624 08:42:37.152"/>
</kw>
<kw name="Input Text" library="RPA.Browser.Selenium">
<arg>address</arg>
<arg>${row}[Address]</arg>
<doc>Types the given ``text`` into the text field identified by ``locator``.</doc>
<msg timestamp="20220624 08:42:37.153" level="INFO">Typing text 'Address 456' into text field 'address'.</msg>
<status status="PASS" starttime="20220624 08:42:37.152" endtime="20220624 08:42:37.304"/>
</kw>
<status status="PASS" starttime="20220624 08:42:36.958" endtime="20220624 08:42:37.305"/>
</kw>
<kw name="Preview the robot">
<kw name="Click Button" library="RPA.Browser.Selenium">
<arg>id=preview</arg>
<doc>Clicks the button identified by ``locator``.</doc>
<msg timestamp="20220624 08:42:37.307" level="INFO">Clicking button 'id=preview'.</msg>
<status status="PASS" starttime="20220624 08:42:37.306" endtime="20220624 08:42:37.394"/>
</kw>
<status status="PASS" starttime="20220624 08:42:37.305" endtime="20220624 08:42:37.395"/>
</kw>
<kw name="Submit the order">
<kw name="Click Button" library="RPA.Browser.Selenium">
<arg>id=order</arg>
<doc>Clicks the button identified by ``locator``.</doc>
<msg timestamp="20220624 08:42:37.396" level="INFO">Clicking button 'id=order'.</msg>
<status status="PASS" starttime="20220624 08:42:37.395" endtime="20220624 08:42:37.494"/>
</kw>
<kw name="Check if error">
<kw name="Is Element Visible" library="RPA.Browser.Selenium">
<var>${A}</var>
<arg>id=receipt</arg>
<doc>Is element visible</doc>
<msg timestamp="20220624 08:42:37.523" level="INFO">Element 'id=receipt' is displayed.</msg>
<msg timestamp="20220624 08:42:37.523" level="INFO">${A} = True</msg>
<status status="PASS" starttime="20220624 08:42:37.498" endtime="20220624 08:42:37.523"/>
</kw>
<if>
<branch type="IF" condition="&quot;${A}&quot; == 'False'">
<while condition="${A} == False">
<iter>
<kw name="Click Button" library="RPA.Browser.Selenium">
<arg>id=preview</arg>
<doc>Clicks the button identified by ``locator``.</doc>
<status status="NOT RUN" starttime="20220624 08:42:37.526" endtime="20220624 08:42:37.526"/>
</kw>
<kw name="Click Button" library="RPA.Browser.Selenium">
<arg>id=order</arg>
<doc>Clicks the button identified by ``locator``.</doc>
<status status="NOT RUN" starttime="20220624 08:42:37.526" endtime="20220624 08:42:37.527"/>
</kw>
<kw name="Is Element Visible" library="RPA.Browser.Selenium">
<var>${A}</var>
<arg>id=receipt</arg>
<doc>Is element visible</doc>
<status status="NOT RUN" starttime="20220624 08:42:37.527" endtime="20220624 08:42:37.527"/>
</kw>
<status status="NOT RUN" starttime="20220624 08:42:37.525" endtime="20220624 08:42:37.527"/>
</iter>
<status status="NOT RUN" starttime="20220624 08:42:37.525" endtime="20220624 08:42:37.527"/>
</while>
<status status="NOT RUN" starttime="20220624 08:42:37.525" endtime="20220624 08:42:37.527"/>
</branch>
<status status="PASS" starttime="20220624 08:42:37.524" endtime="20220624 08:42:37.528"/>
</if>
<status status="PASS" starttime="20220624 08:42:37.495" endtime="20220624 08:42:37.528"/>
</kw>
<status status="PASS" starttime="20220624 08:42:37.395" endtime="20220624 08:42:37.528"/>
</kw>
<kw name="Store the receipt as a PDF file">
<var>${pdf}</var>
<arg>${row}[Order number]</arg>
<kw name="Get Element Attribute" library="RPA.Browser.Selenium">
<var>${pdf}</var>
<arg>id=receipt</arg>
<arg>outerHTML</arg>
<doc>Returns the value of ``attribute`` from the element ``locator``.</doc>
<msg timestamp="20220624 08:42:37.548" level="INFO">${pdf} = &lt;div id="receipt" class="alert alert-success" role="alert"&gt;&lt;h3&gt;Receipt&lt;/h3&gt;&lt;div&gt;2022-06-24T11:42:37.484Z&lt;/div&gt;&lt;p class="badge badge-success"&gt;RSB-ROBO-ORDER-ZRL7YKKHMYP&lt;/p&gt;&lt;p&gt;Address 456&lt;/p&gt;&lt;div id="pa...</msg>
<status status="PASS" starttime="20220624 08:42:37.529" endtime="20220624 08:42:37.548"/>
</kw>
<kw name="Html To Pdf" library="RPA.PDF">
<arg>${pdf}</arg>
<arg>/home/felipe_carlone/Desktop/Robocorp_2${/}${row}\.pdf</arg>
<doc>Generate a PDF file from HTML content.</doc>
<msg timestamp="20220624 08:42:37.549" level="INFO">Writing output to file /home/felipe_carlone/Desktop/Robocorp_2/2.pdf</msg>
<status status="PASS" starttime="20220624 08:42:37.548" endtime="20220624 08:42:37.653"/>
</kw>
<return>
<value>${pdf}</value>
<status status="PASS" starttime="20220624 08:42:37.653" endtime="20220624 08:42:37.654"/>
</return>
<msg timestamp="20220624 08:42:37.655" level="INFO">${pdf} = &lt;div id="receipt" class="alert alert-success" role="alert"&gt;&lt;h3&gt;Receipt&lt;/h3&gt;&lt;div&gt;2022-06-24T11:42:37.484Z&lt;/div&gt;&lt;p class="badge badge-success"&gt;RSB-ROBO-ORDER-ZRL7YKKHMYP&lt;/p&gt;&lt;p&gt;Address 456&lt;/p&gt;&lt;div id="pa...</msg>
<status status="PASS" starttime="20220624 08:42:37.528" endtime="20220624 08:42:37.655"/>
</kw>
<kw name="Take a screenshot of the robot">
<var>${screenshot}</var>
<arg>${row}[Order number]</arg>
<kw name="Capture Element Screenshot" library="RPA.Browser.Selenium">
<var>${screenshot}</var>
<arg>id=robot-preview</arg>
<arg>/home/felipe_carlone/Desktop/Robocorp_2${/}${row}\.png</arg>
<doc>Captures a screenshot from the element identified by ``locator`` and embeds it into log file.</doc>
<msg timestamp="20220624 08:42:37.774" level="INFO" html="true">&lt;/td&gt;&lt;/tr&gt;&lt;tr&gt;&lt;td colspan="3"&gt;&lt;a href="../2.png"&gt;&lt;img src="../2.png" width="400px"&gt;&lt;/a&gt;</msg>
<msg timestamp="20220624 08:42:37.774" level="INFO">${screenshot} = /home/felipe_carlone/Desktop/Robocorp_2/2.png</msg>
<status status="PASS" starttime="20220624 08:42:37.657" endtime="20220624 08:42:37.774"/>
</kw>
<return>
<value>${screenshot}</value>
<status status="PASS" starttime="20220624 08:42:37.774" endtime="20220624 08:42:37.774"/>
</return>
<msg timestamp="20220624 08:42:37.775" level="INFO">${screenshot} = /home/felipe_carlone/Desktop/Robocorp_2/2.png</msg>
<status status="PASS" starttime="20220624 08:42:37.655" endtime="20220624 08:42:37.775"/>
</kw>
<kw name="Embed the robot screenshot to the receipt PDF file">
<arg>${row}[Order number]</arg>
<kw name="Open Pdf" library="RPA.PDF">
<arg>/home/felipe_carlone/Desktop/Robocorp_2${/}${row}\.pdf</arg>
<doc>Open a PDF document for reading.</doc>
<status status="PASS" starttime="20220624 08:42:37.776" endtime="20220624 08:42:37.778"/>
</kw>
<kw name="Add Watermark Image To Pdf" library="RPA.PDF">
<arg>/home/felipe_carlone/Desktop/Robocorp_2${/}${row}\.png</arg>
<arg>/home/felipe_carlone/Desktop/Robocorp_2${/}${row}\.pdf</arg>
<doc>Add an image into an existing or new PDF.</doc>
<status status="PASS" starttime="20220624 08:42:37.778" endtime="20220624 08:42:37.824"/>
</kw>
<kw name="Remove Files" library="RPA.FileSystem">
<arg>/home/felipe_carlone/Desktop/Robocorp_2${/}${row}\.png</arg>
<doc>Removes multiple files.</doc>
<status status="PASS" starttime="20220624 08:42:37.825" endtime="20220624 08:42:37.826"/>
</kw>
<status status="PASS" starttime="20220624 08:42:37.775" endtime="20220624 08:42:37.826"/>
</kw>
<kw name="Go to order another robot">
<kw name="Click Button" library="RPA.Browser.Selenium">
<arg>xpath:/html/body/div/div/div[1]/div/div[1]/div/button</arg>
<doc>Clicks the button identified by ``locator``.</doc>
<msg timestamp="20220624 08:42:37.827" level="INFO">Clicking button 'xpath:/html/body/div/div/div[1]/div/div[1]/div/button'.</msg>
<status status="PASS" starttime="20220624 08:42:37.827" endtime="20220624 08:42:38.009"/>
</kw>
<status status="PASS" starttime="20220624 08:42:37.826" endtime="20220624 08:42:38.010"/>
</kw>
<status status="PASS" starttime="20220624 08:42:36.862" endtime="20220624 08:42:38.010"/>
</iter>
<iter>
<var name="${row}">{'Order number': '3', 'Head': '6', 'Body': '2', 'Legs': '3', 'Address': 'Address 789'}</var>
<kw name="Close the annoying modal">
<kw name="Click Button" library="RPA.Browser.Selenium">
<arg>xpath:/html/body/div/div/div[2]/div/div/div/div/div/button[1]</arg>
<doc>Clicks the button identified by ``locator``.</doc>
<msg timestamp="20220624 08:42:38.012" level="INFO">Clicking button 'xpath:/html/body/div/div/div[2]/div/div/div/div/div/button[1]'.</msg>
<status status="PASS" starttime="20220624 08:42:38.012" endtime="20220624 08:42:38.071"/>
</kw>
<status status="PASS" starttime="20220624 08:42:38.011" endtime="20220624 08:42:38.071"/>
</kw>
<kw name="Fill the form">
<arg>${row}</arg>
<kw name="Select From List By Value" library="RPA.Browser.Selenium">
<arg>head</arg>
<arg>${row}[Head]</arg>
<doc>Selects options from selection list ``locator`` by ``values``.</doc>
<msg timestamp="20220624 08:42:38.073" level="INFO">Selecting options from selection list 'head' by value 6.</msg>
<status status="PASS" starttime="20220624 08:42:38.072" endtime="20220624 08:42:38.123"/>
</kw>
<kw name="Select Radio Button" library="RPA.Browser.Selenium">
<arg>body</arg>
<arg>${row}[Body]</arg>
<doc>Sets the radio button group ``group_name`` to ``value``.</doc>
<msg timestamp="20220624 08:42:38.124" level="INFO">Selecting '2' from radio button 'body'.</msg>
<status status="PASS" starttime="20220624 08:42:38.123" endtime="20220624 08:42:38.172"/>
</kw>
<kw name="Input Text" library="RPA.Browser.Selenium">
<arg>class:form-control</arg>
<arg>${row}[Legs]</arg>
<doc>Types the given ``text`` into the text field identified by ``locator``.</doc>
<msg timestamp="20220624 08:42:38.175" level="INFO">Typing text '3' into text field 'class:form-control'.</msg>
<status status="PASS" starttime="20220624 08:42:38.173" endtime="20220624 08:42:38.295"/>
</kw>
<kw name="Input Text" library="RPA.Browser.Selenium">
<arg>address</arg>
<arg>${row}[Address]</arg>
<doc>Types the given ``text`` into the text field identified by ``locator``.</doc>
<msg timestamp="20220624 08:42:38.295" level="INFO">Typing text 'Address 789' into text field 'address'.</msg>
<status status="PASS" starttime="20220624 08:42:38.295" endtime="20220624 08:42:38.388"/>
</kw>
<status status="PASS" starttime="20220624 08:42:38.072" endtime="20220624 08:42:38.388"/>
</kw>
<kw name="Preview the robot">
<kw name="Click Button" library="RPA.Browser.Selenium">
<arg>id=preview</arg>
<doc>Clicks the button identified by ``locator``.</doc>
<msg timestamp="20220624 08:42:38.389" level="INFO">Clicking button 'id=preview'.</msg>
<status status="PASS" starttime="20220624 08:42:38.389" endtime="20220624 08:42:38.439"/>
</kw>
<status status="PASS" starttime="20220624 08:42:38.388" endtime="20220624 08:42:38.440"/>
</kw>
<kw name="Submit the order">
<kw name="Click Button" library="RPA.Browser.Selenium">
<arg>id=order</arg>
<doc>Clicks the button identified by ``locator``.</doc>
<msg timestamp="20220624 08:42:38.441" level="INFO">Clicking button 'id=order'.</msg>
<status status="PASS" starttime="20220624 08:42:38.440" endtime="20220624 08:42:38.491"/>
</kw>
<kw name="Check if error">
<kw name="Is Element Visible" library="RPA.Browser.Selenium">
<var>${A}</var>
<arg>id=receipt</arg>
<doc>Is element visible</doc>
<msg timestamp="20220624 08:42:38.510" level="INFO">Element 'id=receipt' is displayed.</msg>
<msg timestamp="20220624 08:42:38.511" level="INFO">${A} = True</msg>
<status status="PASS" starttime="20220624 08:42:38.492" endtime="20220624 08:42:38.511"/>
</kw>
<if>
<branch type="IF" condition="&quot;${A}&quot; == 'False'">
<while condition="${A} == False">
<iter>
<kw name="Click Button" library="RPA.Browser.Selenium">
<arg>id=preview</arg>
<doc>Clicks the button identified by ``locator``.</doc>
<status status="NOT RUN" starttime="20220624 08:42:38.512" endtime="20220624 08:42:38.512"/>
</kw>
<kw name="Click Button" library="RPA.Browser.Selenium">
<arg>id=order</arg>
<doc>Clicks the button identified by ``locator``.</doc>
<status status="NOT RUN" starttime="20220624 08:42:38.512" endtime="20220624 08:42:38.512"/>
</kw>
<kw name="Is Element Visible" library="RPA.Browser.Selenium">
<var>${A}</var>
<arg>id=receipt</arg>
<doc>Is element visible</doc>
<status status="NOT RUN" starttime="20220624 08:42:38.512" endtime="20220624 08:42:38.512"/>
</kw>
<status status="NOT RUN" starttime="20220624 08:42:38.511" endtime="20220624 08:42:38.512"/>
</iter>
<status status="NOT RUN" starttime="20220624 08:42:38.511" endtime="20220624 08:42:38.513"/>
</while>
<status status="NOT RUN" starttime="20220624 08:42:38.511" endtime="20220624 08:42:38.513"/>
</branch>
<status status="PASS" starttime="20220624 08:42:38.511" endtime="20220624 08:42:38.513"/>
</if>
<status status="PASS" starttime="20220624 08:42:38.492" endtime="20220624 08:42:38.513"/>
</kw>
<status status="PASS" starttime="20220624 08:42:38.440" endtime="20220624 08:42:38.513"/>
</kw>
<kw name="Store the receipt as a PDF file">
<var>${pdf}</var>
<arg>${row}[Order number]</arg>
<kw name="Get Element Attribute" library="RPA.Browser.Selenium">
<var>${pdf}</var>
<arg>id=receipt</arg>
<arg>outerHTML</arg>
<doc>Returns the value of ``attribute`` from the element ``locator``.</doc>
<msg timestamp="20220624 08:42:38.528" level="INFO">${pdf} = &lt;div id="receipt" class="alert alert-success" role="alert"&gt;&lt;h3&gt;Receipt&lt;/h3&gt;&lt;div&gt;2022-06-24T11:42:38.487Z&lt;/div&gt;&lt;p class="badge badge-success"&gt;RSB-ROBO-ORDER-G91YHVHWP&lt;/p&gt;&lt;p&gt;Address 789&lt;/p&gt;&lt;div id="part...</msg>
<status status="PASS" starttime="20220624 08:42:38.514" endtime="20220624 08:42:38.528"/>
</kw>
<kw name="Html To Pdf" library="RPA.PDF">
<arg>${pdf}</arg>
<arg>/home/felipe_carlone/Desktop/Robocorp_2${/}${row}\.pdf</arg>
<doc>Generate a PDF file from HTML content.</doc>
<msg timestamp="20220624 08:42:38.529" level="INFO">Writing output to file /home/felipe_carlone/Desktop/Robocorp_2/3.pdf</msg>
<status status="PASS" starttime="20220624 08:42:38.528" endtime="20220624 08:42:38.655"/>
</kw>
<return>
<value>${pdf}</value>
<status status="PASS" starttime="20220624 08:42:38.655" endtime="20220624 08:42:38.655"/>
</return>
<msg timestamp="20220624 08:42:38.655" level="INFO">${pdf} = &lt;div id="receipt" class="alert alert-success" role="alert"&gt;&lt;h3&gt;Receipt&lt;/h3&gt;&lt;div&gt;2022-06-24T11:42:38.487Z&lt;/div&gt;&lt;p class="badge badge-success"&gt;RSB-ROBO-ORDER-G91YHVHWP&lt;/p&gt;&lt;p&gt;Address 789&lt;/p&gt;&lt;div id="part...</msg>
<status status="PASS" starttime="20220624 08:42:38.513" endtime="20220624 08:42:38.656"/>
</kw>
<kw name="Take a screenshot of the robot">
<var>${screenshot}</var>
<arg>${row}[Order number]</arg>
<kw name="Capture Element Screenshot" library="RPA.Browser.Selenium">
<var>${screenshot}</var>
<arg>id=robot-preview</arg>
<arg>/home/felipe_carlone/Desktop/Robocorp_2${/}${row}\.png</arg>
<doc>Captures a screenshot from the element identified by ``locator`` and embeds it into log file.</doc>
<msg timestamp="20220624 08:42:38.759" level="INFO" html="true">&lt;/td&gt;&lt;/tr&gt;&lt;tr&gt;&lt;td colspan="3"&gt;&lt;a href="../3.png"&gt;&lt;img src="../3.png" width="400px"&gt;&lt;/a&gt;</msg>
<msg timestamp="20220624 08:42:38.759" level="INFO">${screenshot} = /home/felipe_carlone/Desktop/Robocorp_2/3.png</msg>
<status status="PASS" starttime="20220624 08:42:38.657" endtime="20220624 08:42:38.760"/>
</kw>
<return>
<value>${screenshot}</value>
<status status="PASS" starttime="20220624 08:42:38.760" endtime="20220624 08:42:38.760"/>
</return>
<msg timestamp="20220624 08:42:38.762" level="INFO">${screenshot} = /home/felipe_carlone/Desktop/Robocorp_2/3.png</msg>
<status status="PASS" starttime="20220624 08:42:38.656" endtime="20220624 08:42:38.762"/>
</kw>
<kw name="Embed the robot screenshot to the receipt PDF file">
<arg>${row}[Order number]</arg>
<kw name="Open Pdf" library="RPA.PDF">
<arg>/home/felipe_carlone/Desktop/Robocorp_2${/}${row}\.pdf</arg>
<doc>Open a PDF document for reading.</doc>
<status status="PASS" starttime="20220624 08:42:38.764" endtime="20220624 08:42:38.766"/>
</kw>
<kw name="Add Watermark Image To Pdf" library="RPA.PDF">
<arg>/home/felipe_carlone/Desktop/Robocorp_2${/}${row}\.png</arg>
<arg>/home/felipe_carlone/Desktop/Robocorp_2${/}${row}\.pdf</arg>
<doc>Add an image into an existing or new PDF.</doc>
<status status="PASS" starttime="20220624 08:42:38.766" endtime="20220624 08:42:38.826"/>
</kw>
<kw name="Remove Files" library="RPA.FileSystem">
<arg>/home/felipe_carlone/Desktop/Robocorp_2${/}${row}\.png</arg>
<doc>Removes multiple files.</doc>
<status status="PASS" starttime="20220624 08:42:38.827" endtime="20220624 08:42:38.828"/>
</kw>
<status status="PASS" starttime="20220624 08:42:38.763" endtime="20220624 08:42:38.828"/>
</kw>
<kw name="Go to order another robot">
<kw name="Click Button" library="RPA.Browser.Selenium">
<arg>xpath:/html/body/div/div/div[1]/div/div[1]/div/button</arg>
<doc>Clicks the button identified by ``locator``.</doc>
<msg timestamp="20220624 08:42:38.830" level="INFO">Clicking button 'xpath:/html/body/div/div/div[1]/div/div[1]/div/button'.</msg>
<status status="PASS" starttime="20220624 08:42:38.830" endtime="20220624 08:42:38.989"/>
</kw>
<status status="PASS" starttime="20220624 08:42:38.829" endtime="20220624 08:42:38.989"/>
</kw>
<status status="PASS" starttime="20220624 08:42:38.011" endtime="20220624 08:42:38.989"/>
</iter>
<iter>
<var name="${row}">{'Order number': '4', 'Head': '2', 'Body': '3', 'Legs': '2', 'Address': 'Address 1'}</var>
<kw name="Close the annoying modal">
<kw name="Click Button" library="RPA.Browser.Selenium">
<arg>xpath:/html/body/div/div/div[2]/div/div/div/div/div/button[1]</arg>
<doc>Clicks the button identified by ``locator``.</doc>
<msg timestamp="20220624 08:42:38.993" level="INFO">Clicking button 'xpath:/html/body/div/div/div[2]/div/div/div/div/div/button[1]'.</msg>
<status status="PASS" starttime="20220624 08:42:38.991" endtime="20220624 08:42:39.046"/>
</kw>
<status status="PASS" starttime="20220624 08:42:38.990" endtime="20220624 08:42:39.047"/>
</kw>
<kw name="Fill the form">
<arg>${row}</arg>
<kw name="Select From List By Value" library="RPA.Browser.Selenium">
<arg>head</arg>
<arg>${row}[Head]</arg>
<doc>Selects options from selection list ``locator`` by ``values``.</doc>
<msg timestamp="20220624 08:42:39.047" level="INFO">Selecting options from selection list 'head' by value 2.</msg>
<status status="PASS" starttime="20220624 08:42:39.047" endtime="20220624 08:42:39.096"/>
</kw>
<kw name="Select Radio Button" library="RPA.Browser.Selenium">
<arg>body</arg>
<arg>${row}[Body]</arg>
<doc>Sets the radio button group ``group_name`` to ``value``.</doc>
<msg timestamp="20220624 08:42:39.096" level="INFO">Selecting '3' from radio button 'body'.</msg>
<status status="PASS" starttime="20220624 08:42:39.096" endtime="20220624 08:42:39.147"/>
</kw>
<kw name="Input Text" library="RPA.Browser.Selenium">
<arg>class:form-control</arg>
<arg>${row}[Legs]</arg>
<doc>Types the given ``text`` into the text field identified by ``locator``.</doc>
<msg timestamp="20220624 08:42:39.148" level="INFO">Typing text '2' into text field 'class:form-control'.</msg>
<status status="PASS" starttime="20220624 08:42:39.147" endtime="20220624 08:42:39.253"/>
</kw>
<kw name="Input Text" library="RPA.Browser.Selenium">
<arg>address</arg>
<arg>${row}[Address]</arg>
<doc>Types the given ``text`` into the text field identified by ``locator``.</doc>
<msg timestamp="20220624 08:42:39.254" level="INFO">Typing text 'Address 1' into text field 'address'.</msg>
<status status="PASS" starttime="20220624 08:42:39.253" endtime="20220624 08:42:39.338"/>
</kw>
<status status="PASS" starttime="20220624 08:42:39.047" endtime="20220624 08:42:39.338"/>
</kw>
<kw name="Preview the robot">
<kw name="Click Button" library="RPA.Browser.Selenium">
<arg>id=preview</arg>
<doc>Clicks the button identified by ``locator``.</doc>
<msg timestamp="20220624 08:42:39.340" level="INFO">Clicking button 'id=preview'.</msg>
<status status="PASS" starttime="20220624 08:42:39.340" endtime="20220624 08:42:39.393"/>
</kw>
<status status="PASS" starttime="20220624 08:42:39.339" endtime="20220624 08:42:39.393"/>
</kw>
<kw name="Submit the order">
<kw name="Click Button" library="RPA.Browser.Selenium">
<arg>id=order</arg>
<doc>Clicks the button identified by ``locator``.</doc>
<msg timestamp="20220624 08:42:39.394" level="INFO">Clicking button 'id=order'.</msg>
<status status="PASS" starttime="20220624 08:42:39.394" endtime="20220624 08:42:39.445"/>
</kw>
<kw name="Check if error">
<kw name="Is Element Visible" library="RPA.Browser.Selenium">
<var>${A}</var>
<arg>id=receipt</arg>
<doc>Is element visible</doc>
<msg timestamp="20220624 08:42:39.453" level="INFO" html="true">Ran with keyword &lt;b&gt;Element Should Be Visible&lt;/b&gt; which returned error: &lt;i&gt;Element with locator 'id=receipt' not found.&lt;/i&gt;</msg>
<msg timestamp="20220624 08:42:39.454" level="INFO">${A} = False</msg>
<status status="PASS" starttime="20220624 08:42:39.447" endtime="20220624 08:42:39.454"/>
</kw>
<if>
<branch type="IF" condition="&quot;${A}&quot; == 'False'">
<while condition="${A} == False">
<iter>
<kw name="Click Button" library="RPA.Browser.Selenium">
<arg>id=preview</arg>
<doc>Clicks the button identified by ``locator``.</doc>
<msg timestamp="20220624 08:42:39.456" level="INFO">Clicking button 'id=preview'.</msg>
<status status="PASS" starttime="20220624 08:42:39.455" endtime="20220624 08:42:39.499"/>
</kw>
<kw name="Click Button" library="RPA.Browser.Selenium">
<arg>id=order</arg>
<doc>Clicks the button identified by ``locator``.</doc>
<msg timestamp="20220624 08:42:39.499" level="INFO">Clicking button 'id=order'.</msg>
<status status="PASS" starttime="20220624 08:42:39.499" endtime="20220624 08:42:39.546"/>
</kw>
<kw name="Is Element Visible" library="RPA.Browser.Selenium">
<var>${A}</var>
<arg>id=receipt</arg>
<doc>Is element visible</doc>
<msg timestamp="20220624 08:42:39.584" level="INFO">Element 'id=receipt' is displayed.</msg>
<msg timestamp="20220624 08:42:39.584" level="INFO">${A} = True</msg>
<status status="PASS" starttime="20220624 08:42:39.546" endtime="20220624 08:42:39.584"/>
</kw>
<status status="PASS" starttime="20220624 08:42:39.455" endtime="20220624 08:42:39.584"/>
</iter>
<status status="PASS" starttime="20220624 08:42:39.455" endtime="20220624 08:42:39.584"/>
</while>
<status status="PASS" starttime="20220624 08:42:39.454" endtime="20220624 08:42:39.584"/>
</branch>
<status status="PASS" starttime="20220624 08:42:39.454" endtime="20220624 08:42:39.585"/>
</if>
<status status="PASS" starttime="20220624 08:42:39.445" endtime="20220624 08:42:39.585"/>
</kw>
<status status="PASS" starttime="20220624 08:42:39.393" endtime="20220624 08:42:39.585"/>
</kw>
<kw name="Store the receipt as a PDF file">
<var>${pdf}</var>
<arg>${row}[Order number]</arg>
<kw name="Get Element Attribute" library="RPA.Browser.Selenium">
<var>${pdf}</var>
<arg>id=receipt</arg>
<arg>outerHTML</arg>
<doc>Returns the value of ``attribute`` from the element ``locator``.</doc>
<msg timestamp="20220624 08:42:39.598" level="INFO">${pdf} = &lt;div id="receipt" class="alert alert-success" role="alert"&gt;&lt;h3&gt;Receipt&lt;/h3&gt;&lt;div&gt;2022-06-24T11:42:39.541Z&lt;/div&gt;&lt;p class="badge badge-success"&gt;RSB-ROBO-ORDER-8K7UAKKLTO&lt;/p&gt;&lt;p&gt;Address 1&lt;/p&gt;&lt;div id="parts...</msg>
<status status="PASS" starttime="20220624 08:42:39.586" endtime="20220624 08:42:39.598"/>
</kw>
<kw name="Html To Pdf" library="RPA.PDF">
<arg>${pdf}</arg>
<arg>/home/felipe_carlone/Desktop/Robocorp_2${/}${row}\.pdf</arg>
<doc>Generate a PDF file from HTML content.</doc>
<msg timestamp="20220624 08:42:39.599" level="INFO">Writing output to file /home/felipe_carlone/Desktop/Robocorp_2/4.pdf</msg>
<status status="PASS" starttime="20220624 08:42:39.598" endtime="20220624 08:42:39.686"/>
</kw>
<return>
<value>${pdf}</value>
<status status="PASS" starttime="20220624 08:42:39.687" endtime="20220624 08:42:39.687"/>
</return>
<msg timestamp="20220624 08:42:39.687" level="INFO">${pdf} = &lt;div id="receipt" class="alert alert-success" role="alert"&gt;&lt;h3&gt;Receipt&lt;/h3&gt;&lt;div&gt;2022-06-24T11:42:39.541Z&lt;/div&gt;&lt;p class="badge badge-success"&gt;RSB-ROBO-ORDER-8K7UAKKLTO&lt;/p&gt;&lt;p&gt;Address 1&lt;/p&gt;&lt;div id="parts...</msg>
<status status="PASS" starttime="20220624 08:42:39.585" endtime="20220624 08:42:39.687"/>
</kw>
<kw name="Take a screenshot of the robot">
<var>${screenshot}</var>
<arg>${row}[Order number]</arg>
<kw name="Capture Element Screenshot" library="RPA.Browser.Selenium">
<var>${screenshot}</var>
<arg>id=robot-preview</arg>
<arg>/home/felipe_carlone/Desktop/Robocorp_2${/}${row}\.png</arg>
<doc>Captures a screenshot from the element identified by ``locator`` and embeds it into log file.</doc>
<msg timestamp="20220624 08:42:39.811" level="INFO" html="true">&lt;/td&gt;&lt;/tr&gt;&lt;tr&gt;&lt;td colspan="3"&gt;&lt;a href="../4.png"&gt;&lt;img src="../4.png" width="400px"&gt;&lt;/a&gt;</msg>
<msg timestamp="20220624 08:42:39.811" level="INFO">${screenshot} = /home/felipe_carlone/Desktop/Robocorp_2/4.png</msg>
<status status="PASS" starttime="20220624 08:42:39.688" endtime="20220624 08:42:39.811"/>
</kw>
<return>
<value>${screenshot}</value>
<status status="PASS" starttime="20220624 08:42:39.812" endtime="20220624 08:42:39.812"/>
</return>
<msg timestamp="20220624 08:42:39.812" level="INFO">${screenshot} = /home/felipe_carlone/Desktop/Robocorp_2/4.png</msg>
<status status="PASS" starttime="20220624 08:42:39.687" endtime="20220624 08:42:39.812"/>
</kw>
<kw name="Embed the robot screenshot to the receipt PDF file">
<arg>${row}[Order number]</arg>
<kw name="Open Pdf" library="RPA.PDF">
<arg>/home/felipe_carlone/Desktop/Robocorp_2${/}${row}\.pdf</arg>
<doc>Open a PDF document for reading.</doc>
<status status="PASS" starttime="20220624 08:42:39.813" endtime="20220624 08:42:39.814"/>
</kw>
<kw name="Add Watermark Image To Pdf" library="RPA.PDF">
<arg>/home/felipe_carlone/Desktop/Robocorp_2${/}${row}\.png</arg>
<arg>/home/felipe_carlone/Desktop/Robocorp_2${/}${row}\.pdf</arg>
<doc>Add an image into an existing or new PDF.</doc>
<status status="PASS" starttime="20220624 08:42:39.815" endtime="20220624 08:42:39.869"/>
</kw>
<kw name="Remove Files" library="RPA.FileSystem">
<arg>/home/felipe_carlone/Desktop/Robocorp_2${/}${row}\.png</arg>
<doc>Removes multiple files.</doc>
<status status="PASS" starttime="20220624 08:42:39.870" endtime="20220624 08:42:39.871"/>
</kw>
<status status="PASS" starttime="20220624 08:42:39.812" endtime="20220624 08:42:39.872"/>
</kw>
<kw name="Go to order another robot">
<kw name="Click Button" library="RPA.Browser.Selenium">
<arg>xpath:/html/body/div/div/div[1]/div/div[1]/div/button</arg>
<doc>Clicks the button identified by ``locator``.</doc>
<msg timestamp="20220624 08:42:39.873" level="INFO">Clicking button 'xpath:/html/body/div/div/div[1]/div/div[1]/div/button'.</msg>
<status status="PASS" starttime="20220624 08:42:39.873" endtime="20220624 08:42:40.007"/>
</kw>
<status status="PASS" starttime="20220624 08:42:39.872" endtime="20220624 08:42:40.007"/>
</kw>
<status status="PASS" starttime="20220624 08:42:38.990" endtime="20220624 08:42:40.007"/>
</iter>
<iter>
<var name="${row}">{'Order number': '5', 'Head': '3', 'Body': '5', 'Legs': '1', 'Address': 'Address 2'}</var>
<kw name="Close the annoying modal">
<kw name="Click Button" library="RPA.Browser.Selenium">
<arg>xpath:/html/body/div/div/div[2]/div/div/div/div/div/button[1]</arg>
<doc>Clicks the button identified by ``locator``.</doc>
<msg timestamp="20220624 08:42:40.008" level="INFO">Clicking button 'xpath:/html/body/div/div/div[2]/div/div/div/div/div/button[1]'.</msg>
<status status="PASS" starttime="20220624 08:42:40.008" endtime="20220624 08:42:40.059"/>
</kw>
<status status="PASS" starttime="20220624 08:42:40.008" endtime="20220624 08:42:40.060"/>
</kw>
<kw name="Fill the form">
<arg>${row}</arg>
<kw name="Select From List By Value" library="RPA.Browser.Selenium">
<arg>head</arg>
<arg>${row}[Head]</arg>
<doc>Selects options from selection list ``locator`` by ``values``.</doc>
<msg timestamp="20220624 08:42:40.061" level="INFO">Selecting options from selection list 'head' by value 3.</msg>
<status status="PASS" starttime="20220624 08:42:40.061" endtime="20220624 08:42:40.111"/>
</kw>
<kw name="Select Radio Button" library="RPA.Browser.Selenium">
<arg>body</arg>
<arg>${row}[Body]</arg>
<doc>Sets the radio button group ``group_name`` to ``value``.</doc>
<msg timestamp="20220624 08:42:40.111" level="INFO">Selecting '5' from radio button 'body'.</msg>
<status status="PASS" starttime="20220624 08:42:40.111" endtime="20220624 08:42:40.162"/>
</kw>
<kw name="Input Text" library="RPA.Browser.Selenium">
<arg>class:form-control</arg>
<arg>${row}[Legs]</arg>
<doc>Types the given ``text`` into the text field identified by ``locator``.</doc>
<msg timestamp="20220624 08:42:40.163" level="INFO">Typing text '1' into text field 'class:form-control'.</msg>
<status status="PASS" starttime="20220624 08:42:40.163" endtime="20220624 08:42:40.228"/>
</kw>
<kw name="Input Text" library="RPA.Browser.Selenium">
<arg>address</arg>
<arg>${row}[Address]</arg>
<doc>Types the given ``text`` into the text field identified by ``locator``.</doc>
<msg timestamp="20220624 08:42:40.228" level="INFO">Typing text 'Address 2' into text field 'address'.</msg>
<status status="PASS" starttime="20220624 08:42:40.228" endtime="20220624 08:42:40.338"/>
</kw>
<status status="PASS" starttime="20220624 08:42:40.060" endtime="20220624 08:42:40.338"/>
</kw>
<kw name="Preview the robot">
<kw name="Click Button" library="RPA.Browser.Selenium">
<arg>id=preview</arg>
<doc>Clicks the button identified by ``locator``.</doc>
<msg timestamp="20220624 08:42:40.340" level="INFO">Clicking button 'id=preview'.</msg>
<status status="PASS" starttime="20220624 08:42:40.339" endtime="20220624 08:42:40.393"/>
</kw>
<status status="PASS" starttime="20220624 08:42:40.338" endtime="20220624 08:42:40.393"/>
</kw>
<kw name="Submit the order">
<kw name="Click Button" library="RPA.Browser.Selenium">
<arg>id=order</arg>
<doc>Clicks the button identified by ``locator``.</doc>
<msg timestamp="20220624 08:42:40.394" level="INFO">Clicking button 'id=order'.</msg>
<status status="PASS" starttime="20220624 08:42:40.394" endtime="20220624 08:42:40.448"/>
</kw>
<kw name="Check if error">
<kw name="Is Element Visible" library="RPA.Browser.Selenium">
<var>${A}</var>
<arg>id=receipt</arg>
<doc>Is element visible</doc>
<msg timestamp="20220624 08:42:40.465" level="INFO">Element 'id=receipt' is displayed.</msg>
<msg timestamp="20220624 08:42:40.466" level="INFO">${A} = True</msg>
<status status="PASS" starttime="20220624 08:42:40.448" endtime="20220624 08:42:40.466"/>
</kw>
<if>
<branch type="IF" condition="&quot;${A}&quot; == 'False'">
<while condition="${A} == False">
<iter>
<kw name="Click Button" library="RPA.Browser.Selenium">
<arg>id=preview</arg>
<doc>Clicks the button identified by ``locator``.</doc>
<status status="NOT RUN" starttime="20220624 08:42:40.466" endtime="20220624 08:42:40.466"/>
</kw>
<kw name="Click Button" library="RPA.Browser.Selenium">
<arg>id=order</arg>
<doc>Clicks the button identified by ``locator``.</doc>
<status status="NOT RUN" starttime="20220624 08:42:40.466" endtime="20220624 08:42:40.467"/>
</kw>
<kw name="Is Element Visible" library="RPA.Browser.Selenium">
<var>${A}</var>
<arg>id=receipt</arg>
<doc>Is element visible</doc>
<status status="NOT RUN" starttime="20220624 08:42:40.467" endtime="20220624 08:42:40.467"/>
</kw>
<status status="NOT RUN" starttime="20220624 08:42:40.466" endtime="20220624 08:42:40.467"/>
</iter>
<status status="NOT RUN" starttime="20220624 08:42:40.466" endtime="20220624 08:42:40.467"/>
</while>
<status status="NOT RUN" starttime="20220624 08:42:40.466" endtime="20220624 08:42:40.467"/>
</branch>
<status status="PASS" starttime="20220624 08:42:40.466" endtime="20220624 08:42:40.467"/>
</if>
<status status="PASS" starttime="20220624 08:42:40.448" endtime="20220624 08:42:40.467"/>
</kw>
<status status="PASS" starttime="20220624 08:42:40.394" endtime="20220624 08:42:40.468"/>
</kw>
<kw name="Store the receipt as a PDF file">
<var>${pdf}</var>
<arg>${row}[Order number]</arg>
<kw name="Get Element Attribute" library="RPA.Browser.Selenium">
<var>${pdf}</var>
<arg>id=receipt</arg>
<arg>outerHTML</arg>
<doc>Returns the value of ``attribute`` from the element ``locator``.</doc>
<msg timestamp="20220624 08:42:40.482" level="INFO">${pdf} = &lt;div id="receipt" class="alert alert-success" role="alert"&gt;&lt;h3&gt;Receipt&lt;/h3&gt;&lt;div&gt;2022-06-24T11:42:40.444Z&lt;/div&gt;&lt;p class="badge badge-success"&gt;RSB-ROBO-ORDER-JMBKWCH42S&lt;/p&gt;&lt;p&gt;Address 2&lt;/p&gt;&lt;div id="parts...</msg>
<status status="PASS" starttime="20220624 08:42:40.468" endtime="20220624 08:42:40.482"/>
</kw>
<kw name="Html To Pdf" library="RPA.PDF">
<arg>${pdf}</arg>
<arg>/home/felipe_carlone/Desktop/Robocorp_2${/}${row}\.pdf</arg>
<doc>Generate a PDF file from HTML content.</doc>
<msg timestamp="20220624 08:42:40.483" level="INFO">Writing output to file /home/felipe_carlone/Desktop/Robocorp_2/5.pdf</msg>
<status status="PASS" starttime="20220624 08:42:40.483" endtime="20220624 08:42:40.568"/>
</kw>
<return>
<value>${pdf}</value>
<status status="PASS" starttime="20220624 08:42:40.568" endtime="20220624 08:42:40.568"/>
</return>
<msg timestamp="20220624 08:42:40.568" level="INFO">${pdf} = &lt;div id="receipt" class="alert alert-success" role="alert"&gt;&lt;h3&gt;Receipt&lt;/h3&gt;&lt;div&gt;2022-06-24T11:42:40.444Z&lt;/div&gt;&lt;p class="badge badge-success"&gt;RSB-ROBO-ORDER-JMBKWCH42S&lt;/p&gt;&lt;p&gt;Address 2&lt;/p&gt;&lt;div id="parts...</msg>
<status status="PASS" starttime="20220624 08:42:40.468" endtime="20220624 08:42:40.568"/>
</kw>
<kw name="Take a screenshot of the robot">
<var>${screenshot}</var>
<arg>${row}[Order number]</arg>
<kw name="Capture Element Screenshot" library="RPA.Browser.Selenium">
<var>${screenshot}</var>
<arg>id=robot-preview</arg>
<arg>/home/felipe_carlone/Desktop/Robocorp_2${/}${row}\.png</arg>
<doc>Captures a screenshot from the element identified by ``locator`` and embeds it into log file.</doc>
<msg timestamp="20220624 08:42:40.634" level="INFO" html="true">&lt;/td&gt;&lt;/tr&gt;&lt;tr&gt;&lt;td colspan="3"&gt;&lt;a href="../5.png"&gt;&lt;img src="../5.png" width="400px"&gt;&lt;/a&gt;</msg>
<msg timestamp="20220624 08:42:40.635" level="INFO">${screenshot} = /home/felipe_carlone/Desktop/Robocorp_2/5.png</msg>
<status status="PASS" starttime="20220624 08:42:40.569" endtime="20220624 08:42:40.635"/>
</kw>
<return>
<value>${screenshot}</value>
<status status="PASS" starttime="20220624 08:42:40.635" endtime="20220624 08:42:40.635"/>
</return>
<msg timestamp="20220624 08:42:40.636" level="INFO">${screenshot} = /home/felipe_carlone/Desktop/Robocorp_2/5.png</msg>
<status status="PASS" starttime="20220624 08:42:40.568" endtime="20220624 08:42:40.636"/>
</kw>
<kw name="Embed the robot screenshot to the receipt PDF file">
<arg>${row}[Order number]</arg>
<kw name="Open Pdf" library="RPA.PDF">
<arg>/home/felipe_carlone/Desktop/Robocorp_2${/}${row}\.pdf</arg>
<doc>Open a PDF document for reading.</doc>
<status status="PASS" starttime="20220624 08:42:40.636" endtime="20220624 08:42:40.637"/>
</kw>
<kw name="Add Watermark Image To Pdf" library="RPA.PDF">
<arg>/home/felipe_carlone/Desktop/Robocorp_2${/}${row}\.png</arg>
<arg>/home/felipe_carlone/Desktop/Robocorp_2${/}${row}\.pdf</arg>
<doc>Add an image into an existing or new PDF.</doc>
<status status="PASS" starttime="20220624 08:42:40.637" endtime="20220624 08:42:40.666"/>
</kw>
<kw name="Remove Files" library="RPA.FileSystem">
<arg>/home/felipe_carlone/Desktop/Robocorp_2${/}${row}\.png</arg>
<doc>Removes multiple files.</doc>
<status status="PASS" starttime="20220624 08:42:40.666" endtime="20220624 08:42:40.666"/>
</kw>
<status status="PASS" starttime="20220624 08:42:40.636" endtime="20220624 08:42:40.667"/>
</kw>
<kw name="Go to order another robot">
<kw name="Click Button" library="RPA.Browser.Selenium">
<arg>xpath:/html/body/div/div/div[1]/div/div[1]/div/button</arg>
<doc>Clicks the button identified by ``locator``.</doc>
<msg timestamp="20220624 08:42:40.667" level="INFO">Clicking button 'xpath:/html/body/div/div/div[1]/div/div[1]/div/button'.</msg>
<status status="PASS" starttime="20220624 08:42:40.667" endtime="20220624 08:42:40.816"/>
</kw>
<status status="PASS" starttime="20220624 08:42:40.667" endtime="20220624 08:42:40.817"/>
</kw>
<status status="PASS" starttime="20220624 08:42:40.008" endtime="20220624 08:42:40.817"/>
</iter>
<iter>
<var name="${row}">{'Order number': '6', 'Head': '1', 'Body': '6', 'Legs': '6', 'Address': 'Address 3'}</var>
<kw name="Close the annoying modal">
<kw name="Click Button" library="RPA.Browser.Selenium">
<arg>xpath:/html/body/div/div/div[2]/div/div/div/div/div/button[1]</arg>
<doc>Clicks the button identified by ``locator``.</doc>
<msg timestamp="20220624 08:42:40.820" level="INFO">Clicking button 'xpath:/html/body/div/div/div[2]/div/div/div/div/div/button[1]'.</msg>
<status status="PASS" starttime="20220624 08:42:40.818" endtime="20220624 08:42:40.883"/>
</kw>
<status status="PASS" starttime="20220624 08:42:40.818" endtime="20220624 08:42:40.884"/>
</kw>
<kw name="Fill the form">
<arg>${row}</arg>
<kw name="Select From List By Value" library="RPA.Browser.Selenium">
<arg>head</arg>
<arg>${row}[Head]</arg>
<doc>Selects options from selection list ``locator`` by ``values``.</doc>
<msg timestamp="20220624 08:42:40.885" level="INFO">Selecting options from selection list 'head' by value 1.</msg>
<status status="PASS" starttime="20220624 08:42:40.884" endtime="20220624 08:42:40.933"/>
</kw>
<kw name="Select Radio Button" library="RPA.Browser.Selenium">
<arg>body</arg>
<arg>${row}[Body]</arg>
<doc>Sets the radio button group ``group_name`` to ``value``.</doc>
<msg timestamp="20220624 08:42:40.933" level="INFO">Selecting '6' from radio button 'body'.</msg>
<status status="PASS" starttime="20220624 08:42:40.933" endtime="20220624 08:42:40.989"/>
</kw>
<kw name="Input Text" library="RPA.Browser.Selenium">
<arg>class:form-control</arg>
<arg>${row}[Legs]</arg>
<doc>Types the given ``text`` into the text field identified by ``locator``.</doc>
<msg timestamp="20220624 08:42:40.990" level="INFO">Typing text '6' into text field 'class:form-control'.</msg>
<status status="PASS" starttime="20220624 08:42:40.989" endtime="20220624 08:42:41.054"/>
</kw>
<kw name="Input Text" library="RPA.Browser.Selenium">
<arg>address</arg>
<arg>${row}[Address]</arg>
<doc>Types the given ``text`` into the text field identified by ``locator``.</doc>
<msg timestamp="20220624 08:42:41.055" level="INFO">Typing text 'Address 3' into text field 'address'.</msg>
<status status="PASS" starttime="20220624 08:42:41.055" endtime="20220624 08:42:41.133"/>
</kw>
<status status="PASS" starttime="20220624 08:42:40.884" endtime="20220624 08:42:41.133"/>
</kw>
<kw name="Preview the robot">
<kw name="Click Button" library="RPA.Browser.Selenium">
<arg>id=preview</arg>
<doc>Clicks the button identified by ``locator``.</doc>
<msg timestamp="20220624 08:42:41.134" level="INFO">Clicking button 'id=preview'.</msg>
<status status="PASS" starttime="20220624 08:42:41.134" endtime="20220624 08:42:41.193"/>
</kw>
<status status="PASS" starttime="20220624 08:42:41.133" endtime="20220624 08:42:41.194"/>
</kw>
<kw name="Submit the order">
<kw name="Click Button" library="RPA.Browser.Selenium">
<arg>id=order</arg>
<doc>Clicks the button identified by ``locator``.</doc>
<msg timestamp="20220624 08:42:41.196" level="INFO">Clicking button 'id=order'.</msg>
<status status="PASS" starttime="20220624 08:42:41.195" endtime="20220624 08:42:41.290"/>
</kw>
<kw name="Check if error">
<kw name="Is Element Visible" library="RPA.Browser.Selenium">
<var>${A}</var>
<arg>id=receipt</arg>
<doc>Is element visible</doc>
<msg timestamp="20220624 08:42:41.328" level="INFO">Element 'id=receipt' is displayed.</msg>
<msg timestamp="20220624 08:42:41.328" level="INFO">${A} = True</msg>
<status status="PASS" starttime="20220624 08:42:41.293" endtime="20220624 08:42:41.328"/>
</kw>
<if>
<branch type="IF" condition="&quot;${A}&quot; == 'False'">
<while condition="${A} == False">
<iter>
<kw name="Click Button" library="RPA.Browser.Selenium">
<arg>id=preview</arg>
<doc>Clicks the button identified by ``locator``.</doc>
<status status="NOT RUN" starttime="20220624 08:42:41.329" endtime="20220624 08:42:41.329"/>
</kw>
<kw name="Click Button" library="RPA.Browser.Selenium">
<arg>id=order</arg>
<doc>Clicks the button identified by ``locator``.</doc>
<status status="NOT RUN" starttime="20220624 08:42:41.329" endtime="20220624 08:42:41.329"/>
</kw>
<kw name="Is Element Visible" library="RPA.Browser.Selenium">
<var>${A}</var>
<arg>id=receipt</arg>
<doc>Is element visible</doc>
<status status="NOT RUN" starttime="20220624 08:42:41.329" endtime="20220624 08:42:41.329"/>
</kw>
<status status="NOT RUN" starttime="20220624 08:42:41.328" endtime="20220624 08:42:41.330"/>
</iter>
<status status="NOT RUN" starttime="20220624 08:42:41.328" endtime="20220624 08:42:41.330"/>
</while>
<status status="NOT RUN" starttime="20220624 08:42:41.328" endtime="20220624 08:42:41.330"/>
</branch>
<status status="PASS" starttime="20220624 08:42:41.328" endtime="20220624 08:42:41.330"/>
</if>
<status status="PASS" starttime="20220624 08:42:41.291" endtime="20220624 08:42:41.331"/>
</kw>
<status status="PASS" starttime="20220624 08:42:41.194" endtime="20220624 08:42:41.331"/>
</kw>
<kw name="Store the receipt as a PDF file">
<var>${pdf}</var>
<arg>${row}[Order number]</arg>
<kw name="Get Element Attribute" library="RPA.Browser.Selenium">
<var>${pdf}</var>
<arg>id=receipt</arg>
<arg>outerHTML</arg>
<doc>Returns the value of ``attribute`` from the element ``locator``.</doc>
<msg timestamp="20220624 08:42:41.347" level="INFO">${pdf} = &lt;div id="receipt" class="alert alert-success" role="alert"&gt;&lt;h3&gt;Receipt&lt;/h3&gt;&lt;div&gt;2022-06-24T11:42:41.271Z&lt;/div&gt;&lt;p class="badge badge-success"&gt;RSB-ROBO-ORDER-D5Z3OFREXF&lt;/p&gt;&lt;p&gt;Address 3&lt;/p&gt;&lt;div id="parts...</msg>
<status status="PASS" starttime="20220624 08:42:41.331" endtime="20220624 08:42:41.347"/>
</kw>
<kw name="Html To Pdf" library="RPA.PDF">
<arg>${pdf}</arg>
<arg>/home/felipe_carlone/Desktop/Robocorp_2${/}${row}\.pdf</arg>
<doc>Generate a PDF file from HTML content.</doc>
<msg timestamp="20220624 08:42:41.348" level="INFO">Writing output to file /home/felipe_carlone/Desktop/Robocorp_2/6.pdf</msg>
<status status="PASS" starttime="20220624 08:42:41.347" endtime="20220624 08:42:41.455"/>
</kw>
<return>
<value>${pdf}</value>
<status status="PASS" starttime="20220624 08:42:41.455" endtime="20220624 08:42:41.456"/>
</return>
<msg timestamp="20220624 08:42:41.457" level="INFO">${pdf} = &lt;div id="receipt" class="alert alert-success" role="alert"&gt;&lt;h3&gt;Receipt&lt;/h3&gt;&lt;div&gt;2022-06-24T11:42:41.271Z&lt;/div&gt;&lt;p class="badge badge-success"&gt;RSB-ROBO-ORDER-D5Z3OFREXF&lt;/p&gt;&lt;p&gt;Address 3&lt;/p&gt;&lt;div id="parts...</msg>
<status status="PASS" starttime="20220624 08:42:41.331" endtime="20220624 08:42:41.457"/>
</kw>
<kw name="Take a screenshot of the robot">
<var>${screenshot}</var>
<arg>${row}[Order number]</arg>
<kw name="Capture Element Screenshot" library="RPA.Browser.Selenium">
<var>${screenshot}</var>
<arg>id=robot-preview</arg>
<arg>/home/felipe_carlone/Desktop/Robocorp_2${/}${row}\.png</arg>
<doc>Captures a screenshot from the element identified by ``locator`` and embeds it into log file.</doc>
<msg timestamp="20220624 08:42:41.567" level="INFO" html="true">&lt;/td&gt;&lt;/tr&gt;&lt;tr&gt;&lt;td colspan="3"&gt;&lt;a href="../6.png"&gt;&lt;img src="../6.png" width="400px"&gt;&lt;/a&gt;</msg>
<msg timestamp="20220624 08:42:41.568" level="INFO">${screenshot} = /home/felipe_carlone/Desktop/Robocorp_2/6.png</msg>
<status status="PASS" starttime="20220624 08:42:41.459" endtime="20220624 08:42:41.568"/>
</kw>
<return>
<value>${screenshot}</value>
<status status="PASS" starttime="20220624 08:42:41.568" endtime="20220624 08:42:41.568"/>
</return>
<msg timestamp="20220624 08:42:41.570" level="INFO">${screenshot} = /home/felipe_carlone/Desktop/Robocorp_2/6.png</msg>
<status status="PASS" starttime="20220624 08:42:41.457" endtime="20220624 08:42:41.570"/>
</kw>
<kw name="Embed the robot screenshot to the receipt PDF file">
<arg>${row}[Order number]</arg>
<kw name="Open Pdf" library="RPA.PDF">
<arg>/home/felipe_carlone/Desktop/Robocorp_2${/}${row}\.pdf</arg>
<doc>Open a PDF document for reading.</doc>
<status status="PASS" starttime="20220624 08:42:41.572" endtime="20220624 08:42:41.574"/>
</kw>
<kw name="Add Watermark Image To Pdf" library="RPA.PDF">
<arg>/home/felipe_carlone/Desktop/Robocorp_2${/}${row}\.png</arg>
<arg>/home/felipe_carlone/Desktop/Robocorp_2${/}${row}\.pdf</arg>
<doc>Add an image into an existing or new PDF.</doc>
<status status="PASS" starttime="20220624 08:42:41.575" endtime="20220624 08:42:41.617"/>
</kw>
<kw name="Remove Files" library="RPA.FileSystem">
<arg>/home/felipe_carlone/Desktop/Robocorp_2${/}${row}\.png</arg>
<doc>Removes multiple files.</doc>
<status status="PASS" starttime="20220624 08:42:41.618" endtime="20220624 08:42:41.618"/>
</kw>
<status status="PASS" starttime="20220624 08:42:41.571" endtime="20220624 08:42:41.619"/>
</kw>
<kw name="Go to order another robot">
<kw name="Click Button" library="RPA.Browser.Selenium">
<arg>xpath:/html/body/div/div/div[1]/div/div[1]/div/button</arg>
<doc>Clicks the button identified by ``locator``.</doc>
<msg timestamp="20220624 08:42:41.619" level="INFO">Clicking button 'xpath:/html/body/div/div/div[1]/div/div[1]/div/button'.</msg>
<status status="PASS" starttime="20220624 08:42:41.619" endtime="20220624 08:42:41.798"/>
</kw>
<status status="PASS" starttime="20220624 08:42:41.619" endtime="20220624 08:42:41.799"/>
</kw>
<status status="PASS" starttime="20220624 08:42:40.817" endtime="20220624 08:42:41.799"/>
</iter>
<iter>
<var name="${row}">{'Order number': '7', 'Head': '5', 'Body': '1', 'Legs': '5', 'Address': 'Address 4'}</var>
<kw name="Close the annoying modal">
<kw name="Click Button" library="RPA.Browser.Selenium">
<arg>xpath:/html/body/div/div/div[2]/div/div/div/div/div/button[1]</arg>
<doc>Clicks the button identified by ``locator``.</doc>
<msg timestamp="20220624 08:42:41.801" level="INFO">Clicking button 'xpath:/html/body/div/div/div[2]/div/div/div/div/div/button[1]'.</msg>
<status status="PASS" starttime="20220624 08:42:41.800" endtime="20220624 08:42:41.860"/>
</kw>
<status status="PASS" starttime="20220624 08:42:41.800" endtime="20220624 08:42:41.860"/>
</kw>
<kw name="Fill the form">
<arg>${row}</arg>
<kw name="Select From List By Value" library="RPA.Browser.Selenium">
<arg>head</arg>
<arg>${row}[Head]</arg>
<doc>Selects options from selection list ``locator`` by ``values``.</doc>
<msg timestamp="20220624 08:42:41.862" level="INFO">Selecting options from selection list 'head' by value 5.</msg>
<status status="PASS" starttime="20220624 08:42:41.861" endtime="20220624 08:42:41.917"/>
</kw>
<kw name="Select Radio Button" library="RPA.Browser.Selenium">
<arg>body</arg>
<arg>${row}[Body]</arg>
<doc>Sets the radio button group ``group_name`` to ``value``.</doc>
<msg timestamp="20220624 08:42:41.918" level="INFO">Selecting '1' from radio button 'body'.</msg>
<status status="PASS" starttime="20220624 08:42:41.917" endtime="20220624 08:42:41.968"/>
</kw>
<kw name="Input Text" library="RPA.Browser.Selenium">
<arg>class:form-control</arg>
<arg>${row}[Legs]</arg>
<doc>Types the given ``text`` into the text field identified by ``locator``.</doc>
<msg timestamp="20220624 08:42:41.968" level="INFO">Typing text '5' into text field 'class:form-control'.</msg>
<status status="PASS" starttime="20220624 08:42:41.968" endtime="20220624 08:42:42.060"/>
</kw>
<kw name="Input Text" library="RPA.Browser.Selenium">
<arg>address</arg>
<arg>${row}[Address]</arg>
<doc>Types the given ``text`` into the text field identified by ``locator``.</doc>
<msg timestamp="20220624 08:42:42.060" level="INFO">Typing text 'Address 4' into text field 'address'.</msg>
<status status="PASS" starttime="20220624 08:42:42.060" endtime="20220624 08:42:42.137"/>
</kw>
<status status="PASS" starttime="20220624 08:42:41.860" endtime="20220624 08:42:42.138"/>
</kw>
<kw name="Preview the robot">
<kw name="Click Button" library="RPA.Browser.Selenium">
<arg>id=preview</arg>
<doc>Clicks the button identified by ``locator``.</doc>
<msg timestamp="20220624 08:42:42.139" level="INFO">Clicking button 'id=preview'.</msg>
<status status="PASS" starttime="20220624 08:42:42.139" endtime="20220624 08:42:42.194"/>
</kw>
<status status="PASS" starttime="20220624 08:42:42.138" endtime="20220624 08:42:42.195"/>
</kw>
<kw name="Submit the order">
<kw name="Click Button" library="RPA.Browser.Selenium">
<arg>id=order</arg>
<doc>Clicks the button identified by ``locator``.</doc>
<msg timestamp="20220624 08:42:42.196" level="INFO">Clicking button 'id=order'.</msg>
<status status="PASS" starttime="20220624 08:42:42.195" endtime="20220624 08:42:42.248"/>
</kw>
<kw name="Check if error">
<kw name="Is Element Visible" library="RPA.Browser.Selenium">
<var>${A}</var>
<arg>id=receipt</arg>
<doc>Is element visible</doc>
<msg timestamp="20220624 08:42:42.266" level="INFO">Element 'id=receipt' is displayed.</msg>
<msg timestamp="20220624 08:42:42.266" level="INFO">${A} = True</msg>
<status status="PASS" starttime="20220624 08:42:42.249" endtime="20220624 08:42:42.266"/>
</kw>
<if>
<branch type="IF" condition="&quot;${A}&quot; == 'False'">
<while condition="${A} == False">
<iter>
<kw name="Click Button" library="RPA.Browser.Selenium">
<arg>id=preview</arg>
<doc>Clicks the button identified by ``locator``.</doc>
<status status="NOT RUN" starttime="20220624 08:42:42.267" endtime="20220624 08:42:42.267"/>
</kw>
<kw name="Click Button" library="RPA.Browser.Selenium">
<arg>id=order</arg>
<doc>Clicks the button identified by ``locator``.</doc>
<status status="NOT RUN" starttime="20220624 08:42:42.267" endtime="20220624 08:42:42.267"/>
</kw>
<kw name="Is Element Visible" library="RPA.Browser.Selenium">
<var>${A}</var>
<arg>id=receipt</arg>
<doc>Is element visible</doc>
<status status="NOT RUN" starttime="20220624 08:42:42.267" endtime="20220624 08:42:42.267"/>
</kw>
<status status="NOT RUN" starttime="20220624 08:42:42.267" endtime="20220624 08:42:42.267"/>
</iter>
<status status="NOT RUN" starttime="20220624 08:42:42.267" endtime="20220624 08:42:42.268"/>
</while>
<status status="NOT RUN" starttime="20220624 08:42:42.266" endtime="20220624 08:42:42.268"/>
</branch>
<status status="PASS" starttime="20220624 08:42:42.266" endtime="20220624 08:42:42.268"/>
</if>
<status status="PASS" starttime="20220624 08:42:42.249" endtime="20220624 08:42:42.268"/>
</kw>
<status status="PASS" starttime="20220624 08:42:42.195" endtime="20220624 08:42:42.268"/>
</kw>
<kw name="Store the receipt as a PDF file">
<var>${pdf}</var>
<arg>${row}[Order number]</arg>
<kw name="Get Element Attribute" library="RPA.Browser.Selenium">
<var>${pdf}</var>
<arg>id=receipt</arg>
<arg>outerHTML</arg>
<doc>Returns the value of ``attribute`` from the element ``locator``.</doc>
<msg timestamp="20220624 08:42:42.283" level="INFO">${pdf} = &lt;div id="receipt" class="alert alert-success" role="alert"&gt;&lt;h3&gt;Receipt&lt;/h3&gt;&lt;div&gt;2022-06-24T11:42:42.245Z&lt;/div&gt;&lt;p class="badge badge-success"&gt;RSB-ROBO-ORDER-1SRAHTUOB&lt;/p&gt;&lt;p&gt;Address 4&lt;/p&gt;&lt;div id="parts"...</msg>
<status status="PASS" starttime="20220624 08:42:42.269" endtime="20220624 08:42:42.283"/>
</kw>
<kw name="Html To Pdf" library="RPA.PDF">
<arg>${pdf}</arg>
<arg>/home/felipe_carlone/Desktop/Robocorp_2${/}${row}\.pdf</arg>
<doc>Generate a PDF file from HTML content.</doc>
<msg timestamp="20220624 08:42:42.284" level="INFO">Writing output to file /home/felipe_carlone/Desktop/Robocorp_2/7.pdf</msg>
<status status="PASS" starttime="20220624 08:42:42.283" endtime="20220624 08:42:42.373"/>
</kw>
<return>
<value>${pdf}</value>
<status status="PASS" starttime="20220624 08:42:42.373" endtime="20220624 08:42:42.373"/>
</return>
<msg timestamp="20220624 08:42:42.374" level="INFO">${pdf} = &lt;div id="receipt" class="alert alert-success" role="alert"&gt;&lt;h3&gt;Receipt&lt;/h3&gt;&lt;div&gt;2022-06-24T11:42:42.245Z&lt;/div&gt;&lt;p class="badge badge-success"&gt;RSB-ROBO-ORDER-1SRAHTUOB&lt;/p&gt;&lt;p&gt;Address 4&lt;/p&gt;&lt;div id="parts"...</msg>
<status status="PASS" starttime="20220624 08:42:42.268" endtime="20220624 08:42:42.374"/>
</kw>
<kw name="Take a screenshot of the robot">
<var>${screenshot}</var>
<arg>${row}[Order number]</arg>
<kw name="Capture Element Screenshot" library="RPA.Browser.Selenium">
<var>${screenshot}</var>
<arg>id=robot-preview</arg>
<arg>/home/felipe_carlone/Desktop/Robocorp_2${/}${row}\.png</arg>
<doc>Captures a screenshot from the element identified by ``locator`` and embeds it into log file.</doc>
<msg timestamp="20220624 08:42:42.504" level="INFO" html="true">&lt;/td&gt;&lt;/tr&gt;&lt;tr&gt;&lt;td colspan="3"&gt;&lt;a href="../7.png"&gt;&lt;img src="../7.png" width="400px"&gt;&lt;/a&gt;</msg>
<msg timestamp="20220624 08:42:42.505" level="INFO">${screenshot} = /home/felipe_carlone/Desktop/Robocorp_2/7.png</msg>
<status status="PASS" starttime="20220624 08:42:42.375" endtime="20220624 08:42:42.505"/>
</kw>
<return>
<value>${screenshot}</value>
<status status="PASS" starttime="20220624 08:42:42.505" endtime="20220624 08:42:42.506"/>
</return>
<msg timestamp="20220624 08:42:42.507" level="INFO">${screenshot} = /home/felipe_carlone/Desktop/Robocorp_2/7.png</msg>
<status status="PASS" starttime="20220624 08:42:42.374" endtime="20220624 08:42:42.507"/>
</kw>
<kw name="Embed the robot screenshot to the receipt PDF file">
<arg>${row}[Order number]</arg>
<kw name="Open Pdf" library="RPA.PDF">
<arg>/home/felipe_carlone/Desktop/Robocorp_2${/}${row}\.pdf</arg>
<doc>Open a PDF document for reading.</doc>
<status status="PASS" starttime="20220624 08:42:42.510" endtime="20220624 08:42:42.512"/>
</kw>
<kw name="Add Watermark Image To Pdf" library="RPA.PDF">
<arg>/home/felipe_carlone/Desktop/Robocorp_2${/}${row}\.png</arg>
<arg>/home/felipe_carlone/Desktop/Robocorp_2${/}${row}\.pdf</arg>
<doc>Add an image into an existing or new PDF.</doc>
<status status="PASS" starttime="20220624 08:42:42.513" endtime="20220624 08:42:42.579"/>
</kw>
<kw name="Remove Files" library="RPA.FileSystem">
<arg>/home/felipe_carlone/Desktop/Robocorp_2${/}${row}\.png</arg>
<doc>Removes multiple files.</doc>
<status status="PASS" starttime="20220624 08:42:42.579" endtime="20220624 08:42:42.580"/>
</kw>
<status status="PASS" starttime="20220624 08:42:42.508" endtime="20220624 08:42:42.580"/>
</kw>
<kw name="Go to order another robot">
<kw name="Click Button" library="RPA.Browser.Selenium">
<arg>xpath:/html/body/div/div/div[1]/div/div[1]/div/button</arg>
<doc>Clicks the button identified by ``locator``.</doc>
<msg timestamp="20220624 08:42:42.584" level="INFO">Clicking button 'xpath:/html/body/div/div/div[1]/div/div[1]/div/button'.</msg>
<status status="PASS" starttime="20220624 08:42:42.582" endtime="20220624 08:42:42.774"/>
</kw>
<status status="PASS" starttime="20220624 08:42:42.580" endtime="20220624 08:42:42.774"/>
</kw>
<status status="PASS" starttime="20220624 08:42:41.799" endtime="20220624 08:42:42.774"/>
</iter>
<iter>
<var name="${row}">{'Order number': '8', 'Head': '2', 'Body': '3', 'Legs': '3', 'Address': 'Address 5'}</var>
<kw name="Close the annoying modal">
<kw name="Click Button" library="RPA.Browser.Selenium">
<arg>xpath:/html/body/div/div/div[2]/div/div/div/div/div/button[1]</arg>
<doc>Clicks the button identified by ``locator``.</doc>
<msg timestamp="20220624 08:42:42.780" level="INFO">Clicking button 'xpath:/html/body/div/div/div[2]/div/div/div/div/div/button[1]'.</msg>
<status status="PASS" starttime="20220624 08:42:42.777" endtime="20220624 08:42:42.848"/>
</kw>
<status status="PASS" starttime="20220624 08:42:42.775" endtime="20220624 08:42:42.848"/>
</kw>
<kw name="Fill the form">
<arg>${row}</arg>
<kw name="Select From List By Value" library="RPA.Browser.Selenium">
<arg>head</arg>
<arg>${row}[Head]</arg>
<doc>Selects options from selection list ``locator`` by ``values``.</doc>
<msg timestamp="20220624 08:42:42.849" level="INFO">Selecting options from selection list 'head' by value 2.</msg>
<status status="PASS" starttime="20220624 08:42:42.849" endtime="20220624 08:42:42.910"/>
</kw>
<kw name="Select Radio Button" library="RPA.Browser.Selenium">
<arg>body</arg>
<arg>${row}[Body]</arg>
<doc>Sets the radio button group ``group_name`` to ``value``.</doc>
<msg timestamp="20220624 08:42:42.911" level="INFO">Selecting '3' from radio button 'body'.</msg>
<status status="PASS" starttime="20220624 08:42:42.910" endtime="20220624 08:42:42.990"/>
</kw>
<kw name="Input Text" library="RPA.Browser.Selenium">
<arg>class:form-control</arg>
<arg>${row}[Legs]</arg>
<doc>Types the given ``text`` into the text field identified by ``locator``.</doc>
<msg timestamp="20220624 08:42:42.991" level="INFO">Typing text '3' into text field 'class:form-control'.</msg>
<status status="PASS" starttime="20220624 08:42:42.990" endtime="20220624 08:42:43.056"/>
</kw>
<kw name="Input Text" library="RPA.Browser.Selenium">
<arg>address</arg>
<arg>${row}[Address]</arg>
<doc>Types the given ``text`` into the text field identified by ``locator``.</doc>
<msg timestamp="20220624 08:42:43.057" level="INFO">Typing text 'Address 5' into text field 'address'.</msg>
<status status="PASS" starttime="20220624 08:42:43.057" endtime="20220624 08:42:43.133"/>
</kw>
<status status="PASS" starttime="20220624 08:42:42.849" endtime="20220624 08:42:43.134"/>
</kw>
<kw name="Preview the robot">
<kw name="Click Button" library="RPA.Browser.Selenium">
<arg>id=preview</arg>
<doc>Clicks the button identified by ``locator``.</doc>
<msg timestamp="20220624 08:42:43.135" level="INFO">Clicking button 'id=preview'.</msg>
<status status="PASS" starttime="20220624 08:42:43.134" endtime="20220624 08:42:43.188"/>
</kw>
<status status="PASS" starttime="20220624 08:42:43.134" endtime="20220624 08:42:43.188"/>
</kw>
<kw name="Submit the order">
<kw name="Click Button" library="RPA.Browser.Selenium">
<arg>id=order</arg>
<doc>Clicks the button identified by ``locator``.</doc>
<msg timestamp="20220624 08:42:43.190" level="INFO">Clicking button 'id=order'.</msg>
<status status="PASS" starttime="20220624 08:42:43.189" endtime="20220624 08:42:43.241"/>
</kw>
<kw name="Check if error">
<kw name="Is Element Visible" library="RPA.Browser.Selenium">
<var>${A}</var>
<arg>id=receipt</arg>
<doc>Is element visible</doc>
<msg timestamp="20220624 08:42:43.258" level="INFO">Element 'id=receipt' is displayed.</msg>
<msg timestamp="20220624 08:42:43.259" level="INFO">${A} = True</msg>
<status status="PASS" starttime="20220624 08:42:43.242" endtime="20220624 08:42:43.259"/>
</kw>
<if>
<branch type="IF" condition="&quot;${A}&quot; == 'False'">
<while condition="${A} == False">
<iter>
<kw name="Click Button" library="RPA.Browser.Selenium">
<arg>id=preview</arg>
<doc>Clicks the button identified by ``locator``.</doc>
<status status="NOT RUN" starttime="20220624 08:42:43.259" endtime="20220624 08:42:43.259"/>
</kw>
<kw name="Click Button" library="RPA.Browser.Selenium">
<arg>id=order</arg>
<doc>Clicks the button identified by ``locator``.</doc>
<status status="NOT RUN" starttime="20220624 08:42:43.260" endtime="20220624 08:42:43.260"/>
</kw>
<kw name="Is Element Visible" library="RPA.Browser.Selenium">
<var>${A}</var>
<arg>id=receipt</arg>
<doc>Is element visible</doc>
<status status="NOT RUN" starttime="20220624 08:42:43.260" endtime="20220624 08:42:43.260"/>
</kw>
<status status="NOT RUN" starttime="20220624 08:42:43.259" endtime="20220624 08:42:43.260"/>
</iter>
<status status="NOT RUN" starttime="20220624 08:42:43.259" endtime="20220624 08:42:43.260"/>
</while>
<status status="NOT RUN" starttime="20220624 08:42:43.259" endtime="20220624 08:42:43.260"/>
</branch>
<status status="PASS" starttime="20220624 08:42:43.259" endtime="20220624 08:42:43.260"/>
</if>
<status status="PASS" starttime="20220624 08:42:43.242" endtime="20220624 08:42:43.260"/>
</kw>
<status status="PASS" starttime="20220624 08:42:43.188" endtime="20220624 08:42:43.260"/>
</kw>
<kw name="Store the receipt as a PDF file">
<var>${pdf}</var>
<arg>${row}[Order number]</arg>
<kw name="Get Element Attribute" library="RPA.Browser.Selenium">
<var>${pdf}</var>
<arg>id=receipt</arg>
<arg>outerHTML</arg>
<doc>Returns the value of ``attribute`` from the element ``locator``.</doc>
<msg timestamp="20220624 08:42:43.274" level="INFO">${pdf} = &lt;div id="receipt" class="alert alert-success" role="alert"&gt;&lt;h3&gt;Receipt&lt;/h3&gt;&lt;div&gt;2022-06-24T11:42:43.236Z&lt;/div&gt;&lt;p class="badge badge-success"&gt;RSB-ROBO-ORDER-J3G7N1NYZ&lt;/p&gt;&lt;p&gt;Address 5&lt;/p&gt;&lt;div id="parts"...</msg>
<status status="PASS" starttime="20220624 08:42:43.261" endtime="20220624 08:42:43.275"/>
</kw>
<kw name="Html To Pdf" library="RPA.PDF">
<arg>${pdf}</arg>
<arg>/home/felipe_carlone/Desktop/Robocorp_2${/}${row}\.pdf</arg>
<doc>Generate a PDF file from HTML content.</doc>
<msg timestamp="20220624 08:42:43.277" level="INFO">Writing output to file /home/felipe_carlone/Desktop/Robocorp_2/8.pdf</msg>
<status status="PASS" starttime="20220624 08:42:43.275" endtime="20220624 08:42:43.389"/>
</kw>
<return>
<value>${pdf}</value>
<status status="PASS" starttime="20220624 08:42:43.390" endtime="20220624 08:42:43.390"/>
</return>
<msg timestamp="20220624 08:42:43.391" level="INFO">${pdf} = &lt;div id="receipt" class="alert alert-success" role="alert"&gt;&lt;h3&gt;Receipt&lt;/h3&gt;&lt;div&gt;2022-06-24T11:42:43.236Z&lt;/div&gt;&lt;p class="badge badge-success"&gt;RSB-ROBO-ORDER-J3G7N1NYZ&lt;/p&gt;&lt;p&gt;Address 5&lt;/p&gt;&lt;div id="parts"...</msg>
<status status="PASS" starttime="20220624 08:42:43.261" endtime="20220624 08:42:43.391"/>
</kw>
<kw name="Take a screenshot of the robot">
<var>${screenshot}</var>
<arg>${row}[Order number]</arg>
<kw name="Capture Element Screenshot" library="RPA.Browser.Selenium">
<var>${screenshot}</var>
<arg>id=robot-preview</arg>
<arg>/home/felipe_carlone/Desktop/Robocorp_2${/}${row}\.png</arg>
<doc>Captures a screenshot from the element identified by ``locator`` and embeds it into log file.</doc>
<msg timestamp="20220624 08:42:43.514" level="INFO" html="true">&lt;/td&gt;&lt;/tr&gt;&lt;tr&gt;&lt;td colspan="3"&gt;&lt;a href="../8.png"&gt;&lt;img src="../8.png" width="400px"&gt;&lt;/a&gt;</msg>
<msg timestamp="20220624 08:42:43.515" level="INFO">${screenshot} = /home/felipe_carlone/Desktop/Robocorp_2/8.png</msg>
<status status="PASS" starttime="20220624 08:42:43.394" endtime="20220624 08:42:43.515"/>
</kw>
<return>
<value>${screenshot}</value>
<status status="PASS" starttime="20220624 08:42:43.515" endtime="20220624 08:42:43.515"/>
</return>
<msg timestamp="20220624 08:42:43.516" level="INFO">${screenshot} = /home/felipe_carlone/Desktop/Robocorp_2/8.png</msg>
<status status="PASS" starttime="20220624 08:42:43.392" endtime="20220624 08:42:43.516"/>
</kw>
<kw name="Embed the robot screenshot to the receipt PDF file">
<arg>${row}[Order number]</arg>
<kw name="Open Pdf" library="RPA.PDF">
<arg>/home/felipe_carlone/Desktop/Robocorp_2${/}${row}\.pdf</arg>
<doc>Open a PDF document for reading.</doc>
<status status="PASS" starttime="20220624 08:42:43.517" endtime="20220624 08:42:43.518"/>
</kw>
<kw name="Add Watermark Image To Pdf" library="RPA.PDF">
<arg>/home/felipe_carlone/Desktop/Robocorp_2${/}${row}\.png</arg>
<arg>/home/felipe_carlone/Desktop/Robocorp_2${/}${row}\.pdf</arg>
<doc>Add an image into an existing or new PDF.</doc>
<status status="PASS" starttime="20220624 08:42:43.518" endtime="20220624 08:42:43.594"/>
</kw>
<kw name="Remove Files" library="RPA.FileSystem">
<arg>/home/felipe_carlone/Desktop/Robocorp_2${/}${row}\.png</arg>
<doc>Removes multiple files.</doc>
<status status="PASS" starttime="20220624 08:42:43.595" endtime="20220624 08:42:43.597"/>
</kw>
<status status="PASS" starttime="20220624 08:42:43.517" endtime="20220624 08:42:43.597"/>
</kw>
<kw name="Go to order another robot">
<kw name="Click Button" library="RPA.Browser.Selenium">
[...]
<msg timestamp="20220624 08:42:54.068" level="INFO">Selecting options from selection list 'head' by value 4.</msg>
<status status="PASS" starttime="20220624 08:42:54.068" endtime="20220624 08:42:54.117"/>
</kw>
<kw name="Select Radio Button" library="RPA.Browser.Selenium">
<arg>body</arg>
<arg>${row}[Body]</arg>
<doc>Sets the radio button group ``group_name`` to ``value``.</doc>
<msg timestamp="20220624 08:42:54.117" level="INFO">Selecting '6' from radio button 'body'.</msg>
<status status="PASS" starttime="20220624 08:42:54.117" endtime="20220624 08:42:54.182"/>
</kw>
<kw name="Input Text" library="RPA.Browser.Selenium">
<arg>class:form-control</arg>
<arg>${row}[Legs]</arg>
<doc>Types the given ``text`` into the text field identified by ``locator``.</doc>
<msg timestamp="20220624 08:42:54.184" level="INFO">Typing text '2' into text field 'class:form-control'.</msg>
<status status="PASS" starttime="20220624 08:42:54.183" endtime="20220624 08:42:54.284"/>
</kw>
<kw name="Input Text" library="RPA.Browser.Selenium">
<arg>address</arg>
<arg>${row}[Address]</arg>
<doc>Types the given ``text`` into the text field identified by ``locator``.</doc>
<msg timestamp="20220624 08:42:54.284" level="INFO">Typing text 'Address G' into text field 'address'.</msg>
<status status="PASS" starttime="20220624 08:42:54.284" endtime="20220624 08:42:54.398"/>
</kw>
<status status="PASS" starttime="20220624 08:42:54.066" endtime="20220624 08:42:54.399"/>
</kw>
<kw name="Preview the robot">
<kw name="Click Button" library="RPA.Browser.Selenium">
<arg>id=preview</arg>
<doc>Clicks the button identified by ``locator``.</doc>
<msg timestamp="20220624 08:42:54.399" level="INFO">Clicking button 'id=preview'.</msg>
<status status="PASS" starttime="20220624 08:42:54.399" endtime="20220624 08:42:54.462"/>
</kw>
<status status="PASS" starttime="20220624 08:42:54.399" endtime="20220624 08:42:54.462"/>
</kw>
<kw name="Submit the order">
<kw name="Click Button" library="RPA.Browser.Selenium">
<arg>id=order</arg>
<doc>Clicks the button identified by ``locator``.</doc>
<msg timestamp="20220624 08:42:54.464" level="INFO">Clicking button 'id=order'.</msg>
<status status="PASS" starttime="20220624 08:42:54.463" endtime="20220624 08:42:54.532"/>
</kw>
<kw name="Check if error">
<kw name="Is Element Visible" library="RPA.Browser.Selenium">
<var>${A}</var>
<arg>id=receipt</arg>
<doc>Is element visible</doc>
<msg timestamp="20220624 08:42:54.551" level="INFO">Element 'id=receipt' is displayed.</msg>
<msg timestamp="20220624 08:42:54.552" level="INFO">${A} = True</msg>
<status status="PASS" starttime="20220624 08:42:54.532" endtime="20220624 08:42:54.552"/>
</kw>
<if>
<branch type="IF" condition="&quot;${A}&quot; == 'False'">
<while condition="${A} == False">
<iter>
<kw name="Click Button" library="RPA.Browser.Selenium">
<arg>id=preview</arg>
<doc>Clicks the button identified by ``locator``.</doc>
<status status="NOT RUN" starttime="20220624 08:42:54.552" endtime="20220624 08:42:54.553"/>
</kw>
<kw name="Click Button" library="RPA.Browser.Selenium">
<arg>id=order</arg>
<doc>Clicks the button identified by ``locator``.</doc>
<status status="NOT RUN" starttime="20220624 08:42:54.553" endtime="20220624 08:42:54.553"/>
</kw>
<kw name="Is Element Visible" library="RPA.Browser.Selenium">
<var>${A}</var>
<arg>id=receipt</arg>
<doc>Is element visible</doc>
<status status="NOT RUN" starttime="20220624 08:42:54.553" endtime="20220624 08:42:54.553"/>
</kw>
<status status="NOT RUN" starttime="20220624 08:42:54.552" endtime="20220624 08:42:54.553"/>
</iter>
<status status="NOT RUN" starttime="20220624 08:42:54.552" endtime="20220624 08:42:54.553"/>
</while>
<status status="NOT RUN" starttime="20220624 08:42:54.552" endtime="20220624 08:42:54.553"/>
</branch>
<status status="PASS" starttime="20220624 08:42:54.552" endtime="20220624 08:42:54.553"/>
</if>
<status status="PASS" starttime="20220624 08:42:54.532" endtime="20220624 08:42:54.554"/>
</kw>
<status status="PASS" starttime="20220624 08:42:54.463" endtime="20220624 08:42:54.554"/>
</kw>
<kw name="Store the receipt as a PDF file">
<var>${pdf}</var>
<arg>${row}[Order number]</arg>
<kw name="Get Element Attribute" library="RPA.Browser.Selenium">
<var>${pdf}</var>
<arg>id=receipt</arg>
<arg>outerHTML</arg>
<doc>Returns the value of ``attribute`` from the element ``locator``.</doc>
<msg timestamp="20220624 08:42:54.570" level="INFO">${pdf} = &lt;div id="receipt" class="alert alert-success" role="alert"&gt;&lt;h3&gt;Receipt&lt;/h3&gt;&lt;div&gt;2022-06-24T11:42:54.525Z&lt;/div&gt;&lt;p class="badge badge-success"&gt;RSB-ROBO-ORDER-KCXVGWKCF4&lt;/p&gt;&lt;p&gt;Address G&lt;/p&gt;&lt;div id="parts...</msg>
<status status="PASS" starttime="20220624 08:42:54.555" endtime="20220624 08:42:54.570"/>
</kw>
<kw name="Html To Pdf" library="RPA.PDF">
<arg>${pdf}</arg>
<arg>/home/felipe_carlone/Desktop/Robocorp_2${/}${row}\.pdf</arg>
<doc>Generate a PDF file from HTML content.</doc>
<msg timestamp="20220624 08:42:54.571" level="INFO">Writing output to file /home/felipe_carlone/Desktop/Robocorp_2/19.pdf</msg>
<status status="PASS" starttime="20220624 08:42:54.570" endtime="20220624 08:42:54.670"/>
</kw>
<return>
<value>${pdf}</value>
<status status="PASS" starttime="20220624 08:42:54.670" endtime="20220624 08:42:54.671"/>
</return>
<msg timestamp="20220624 08:42:54.671" level="INFO">${pdf} = &lt;div id="receipt" class="alert alert-success" role="alert"&gt;&lt;h3&gt;Receipt&lt;/h3&gt;&lt;div&gt;2022-06-24T11:42:54.525Z&lt;/div&gt;&lt;p class="badge badge-success"&gt;RSB-ROBO-ORDER-KCXVGWKCF4&lt;/p&gt;&lt;p&gt;Address G&lt;/p&gt;&lt;div id="parts...</msg>
<status status="PASS" starttime="20220624 08:42:54.554" endtime="20220624 08:42:54.671"/>
</kw>
<kw name="Take a screenshot of the robot">
<var>${screenshot}</var>
<arg>${row}[Order number]</arg>
<kw name="Capture Element Screenshot" library="RPA.Browser.Selenium">
<var>${screenshot}</var>
<arg>id=robot-preview</arg>
<arg>/home/felipe_carlone/Desktop/Robocorp_2${/}${row}\.png</arg>
<doc>Captures a screenshot from the element identified by ``locator`` and embeds it into log file.</doc>
<msg timestamp="20220624 08:42:54.788" level="INFO" html="true">&lt;/td&gt;&lt;/tr&gt;&lt;tr&gt;&lt;td colspan="3"&gt;&lt;a href="../19.png"&gt;&lt;img src="../19.png" width="400px"&gt;&lt;/a&gt;</msg>
<msg timestamp="20220624 08:42:54.788" level="INFO">${screenshot} = /home/felipe_carlone/Desktop/Robocorp_2/19.png</msg>
<status status="PASS" starttime="20220624 08:42:54.671" endtime="20220624 08:42:54.788"/>
</kw>
<return>
<value>${screenshot}</value>
<status status="PASS" starttime="20220624 08:42:54.788" endtime="20220624 08:42:54.789"/>
</return>
<msg timestamp="20220624 08:42:54.790" level="INFO">${screenshot} = /home/felipe_carlone/Desktop/Robocorp_2/19.png</msg>
<status status="PASS" starttime="20220624 08:42:54.671" endtime="20220624 08:42:54.790"/>
</kw>
<kw name="Embed the robot screenshot to the receipt PDF file">
<arg>${row}[Order number]</arg>
<kw name="Open Pdf" library="RPA.PDF">
<arg>/home/felipe_carlone/Desktop/Robocorp_2${/}${row}\.pdf</arg>
<doc>Open a PDF document for reading.</doc>
<status status="PASS" starttime="20220624 08:42:54.791" endtime="20220624 08:42:54.791"/>
</kw>
<kw name="Add Watermark Image To Pdf" library="RPA.PDF">
<arg>/home/felipe_carlone/Desktop/Robocorp_2${/}${row}\.png</arg>
<arg>/home/felipe_carlone/Desktop/Robocorp_2${/}${row}\.pdf</arg>
<doc>Add an image into an existing or new PDF.</doc>
<status status="PASS" starttime="20220624 08:42:54.792" endtime="20220624 08:42:54.836"/>
</kw>
<kw name="Remove Files" library="RPA.FileSystem">
<arg>/home/felipe_carlone/Desktop/Robocorp_2${/}${row}\.png</arg>
<doc>Removes multiple files.</doc>
<status status="PASS" starttime="20220624 08:42:54.837" endtime="20220624 08:42:54.837"/>
</kw>
<status status="PASS" starttime="20220624 08:42:54.790" endtime="20220624 08:42:54.837"/>
</kw>
<kw name="Go to order another robot">
<kw name="Click Button" library="RPA.Browser.Selenium">
<arg>xpath:/html/body/div/div/div[1]/div/div[1]/div/button</arg>
<doc>Clicks the button identified by ``locator``.</doc>
<msg timestamp="20220624 08:42:54.838" level="INFO">Clicking button 'xpath:/html/body/div/div/div[1]/div/div[1]/div/button'.</msg>
<status status="PASS" starttime="20220624 08:42:54.838" endtime="20220624 08:42:54.996"/>
</kw>
<status status="PASS" starttime="20220624 08:42:54.837" endtime="20220624 08:42:54.997"/>
</kw>
<status status="PASS" starttime="20220624 08:42:54.007" endtime="20220624 08:42:54.997"/>
</iter>
<iter>
<var name="${row}">{'Order number': '20', 'Head': '1', 'Body': '1', 'Legs': '5', 'Address': 'Address H'}</var>
<kw name="Close the annoying modal">
<kw name="Click Button" library="RPA.Browser.Selenium">
<arg>xpath:/html/body/div/div/div[2]/div/div/div/div/div/button[1]</arg>
<doc>Clicks the button identified by ``locator``.</doc>
<msg timestamp="20220624 08:42:54.999" level="INFO">Clicking button 'xpath:/html/body/div/div/div[2]/div/div/div/div/div/button[1]'.</msg>
<status status="PASS" starttime="20220624 08:42:54.999" endtime="20220624 08:42:55.059"/>
</kw>
<status status="PASS" starttime="20220624 08:42:54.998" endtime="20220624 08:42:55.059"/>
</kw>
<kw name="Fill the form">
<arg>${row}</arg>
<kw name="Select From List By Value" library="RPA.Browser.Selenium">
<arg>head</arg>
<arg>${row}[Head]</arg>
<doc>Selects options from selection list ``locator`` by ``values``.</doc>
<msg timestamp="20220624 08:42:55.060" level="INFO">Selecting options from selection list 'head' by value 1.</msg>
<status status="PASS" starttime="20220624 08:42:55.059" endtime="20220624 08:42:55.109"/>
</kw>
<kw name="Select Radio Button" library="RPA.Browser.Selenium">
<arg>body</arg>
<arg>${row}[Body]</arg>
<doc>Sets the radio button group ``group_name`` to ``value``.</doc>
<msg timestamp="20220624 08:42:55.110" level="INFO">Selecting '1' from radio button 'body'.</msg>
<status status="PASS" starttime="20220624 08:42:55.110" endtime="20220624 08:42:55.177"/>
</kw>
<kw name="Input Text" library="RPA.Browser.Selenium">
<arg>class:form-control</arg>
<arg>${row}[Legs]</arg>
<doc>Types the given ``text`` into the text field identified by ``locator``.</doc>
<msg timestamp="20220624 08:42:55.178" level="INFO">Typing text '5' into text field 'class:form-control'.</msg>
<status status="PASS" starttime="20220624 08:42:55.178" endtime="20220624 08:42:55.245"/>
</kw>
<kw name="Input Text" library="RPA.Browser.Selenium">
<arg>address</arg>
<arg>${row}[Address]</arg>
<doc>Types the given ``text`` into the text field identified by ``locator``.</doc>
<msg timestamp="20220624 08:42:55.246" level="INFO">Typing text 'Address H' into text field 'address'.</msg>
<status status="PASS" starttime="20220624 08:42:55.245" endtime="20220624 08:42:55.327"/>
</kw>
<status status="PASS" starttime="20220624 08:42:55.059" endtime="20220624 08:42:55.327"/>
</kw>
<kw name="Preview the robot">
<kw name="Click Button" library="RPA.Browser.Selenium">
<arg>id=preview</arg>
<doc>Clicks the button identified by ``locator``.</doc>
<msg timestamp="20220624 08:42:55.328" level="INFO">Clicking button 'id=preview'.</msg>
<status status="PASS" starttime="20220624 08:42:55.328" endtime="20220624 08:42:55.447"/>
</kw>
<status status="PASS" starttime="20220624 08:42:55.327" endtime="20220624 08:42:55.448"/>
</kw>
<kw name="Submit the order">
<kw name="Click Button" library="RPA.Browser.Selenium">
<arg>id=order</arg>
<doc>Clicks the button identified by ``locator``.</doc>
<msg timestamp="20220624 08:42:55.449" level="INFO">Clicking button 'id=order'.</msg>
<status status="PASS" starttime="20220624 08:42:55.449" endtime="20220624 08:42:55.553"/>
</kw>
<kw name="Check if error">
<kw name="Is Element Visible" library="RPA.Browser.Selenium">
<var>${A}</var>
<arg>id=receipt</arg>
<doc>Is element visible</doc>
<msg timestamp="20220624 08:42:55.569" level="INFO" html="true">Ran with keyword &lt;b&gt;Element Should Be Visible&lt;/b&gt; which returned error: &lt;i&gt;Element with locator 'id=receipt' not found.&lt;/i&gt;</msg>
<msg timestamp="20220624 08:42:55.569" level="INFO">${A} = False</msg>
<status status="PASS" starttime="20220624 08:42:55.554" endtime="20220624 08:42:55.569"/>
</kw>
<if>
<branch type="IF" condition="&quot;${A}&quot; == 'False'">
<while condition="${A} == False">
<iter>
<kw name="Click Button" library="RPA.Browser.Selenium">
<arg>id=preview</arg>
<doc>Clicks the button identified by ``locator``.</doc>
<msg timestamp="20220624 08:42:55.572" level="INFO">Clicking button 'id=preview'.</msg>
<status status="PASS" starttime="20220624 08:42:55.571" endtime="20220624 08:42:55.652"/>
</kw>
<kw name="Click Button" library="RPA.Browser.Selenium">
<arg>id=order</arg>
<doc>Clicks the button identified by ``locator``.</doc>
<msg timestamp="20220624 08:42:55.652" level="INFO">Clicking button 'id=order'.</msg>
<status status="PASS" starttime="20220624 08:42:55.652" endtime="20220624 08:42:55.727"/>
</kw>
<kw name="Is Element Visible" library="RPA.Browser.Selenium">
<var>${A}</var>
<arg>id=receipt</arg>
<doc>Is element visible</doc>
<msg timestamp="20220624 08:42:55.759" level="INFO">Element 'id=receipt' is displayed.</msg>
<msg timestamp="20220624 08:42:55.760" level="INFO">${A} = True</msg>
<status status="PASS" starttime="20220624 08:42:55.728" endtime="20220624 08:42:55.760"/>
</kw>
<status status="PASS" starttime="20220624 08:42:55.570" endtime="20220624 08:42:55.761"/>
</iter>
<status status="PASS" starttime="20220624 08:42:55.570" endtime="20220624 08:42:55.762"/>
</while>
<status status="PASS" starttime="20220624 08:42:55.570" endtime="20220624 08:42:55.763"/>
</branch>
<status status="PASS" starttime="20220624 08:42:55.569" endtime="20220624 08:42:55.763"/>
</if>
<status status="PASS" starttime="20220624 08:42:55.553" endtime="20220624 08:42:55.764"/>
</kw>
<status status="PASS" starttime="20220624 08:42:55.448" endtime="20220624 08:42:55.764"/>
</kw>
<kw name="Store the receipt as a PDF file">
<var>${pdf}</var>
<arg>${row}[Order number]</arg>
<kw name="Get Element Attribute" library="RPA.Browser.Selenium">
<var>${pdf}</var>
<arg>id=receipt</arg>
<arg>outerHTML</arg>
<doc>Returns the value of ``attribute`` from the element ``locator``.</doc>
<msg timestamp="20220624 08:42:55.785" level="INFO">${pdf} = &lt;div id="receipt" class="alert alert-success" role="alert"&gt;&lt;h3&gt;Receipt&lt;/h3&gt;&lt;div&gt;2022-06-24T11:42:55.719Z&lt;/div&gt;&lt;p class="badge badge-success"&gt;RSB-ROBO-ORDER-0ND8WIJRR6&lt;/p&gt;&lt;p&gt;Address H&lt;/p&gt;&lt;div id="parts...</msg>
<status status="PASS" starttime="20220624 08:42:55.766" endtime="20220624 08:42:55.785"/>
</kw>
<kw name="Html To Pdf" library="RPA.PDF">
<arg>${pdf}</arg>
<arg>/home/felipe_carlone/Desktop/Robocorp_2${/}${row}\.pdf</arg>
<doc>Generate a PDF file from HTML content.</doc>
<msg timestamp="20220624 08:42:55.786" level="INFO">Writing output to file /home/felipe_carlone/Desktop/Robocorp_2/20.pdf</msg>
<status status="PASS" starttime="20220624 08:42:55.785" endtime="20220624 08:42:55.919"/>
</kw>
<return>
<value>${pdf}</value>
<status status="PASS" starttime="20220624 08:42:55.919" endtime="20220624 08:42:55.920"/>
</return>
<msg timestamp="20220624 08:42:55.920" level="INFO">${pdf} = &lt;div id="receipt" class="alert alert-success" role="alert"&gt;&lt;h3&gt;Receipt&lt;/h3&gt;&lt;div&gt;2022-06-24T11:42:55.719Z&lt;/div&gt;&lt;p class="badge badge-success"&gt;RSB-ROBO-ORDER-0ND8WIJRR6&lt;/p&gt;&lt;p&gt;Address H&lt;/p&gt;&lt;div id="parts...</msg>
<status status="PASS" starttime="20220624 08:42:55.765" endtime="20220624 08:42:55.920"/>
</kw>
<kw name="Take a screenshot of the robot">
<var>${screenshot}</var>
<arg>${row}[Order number]</arg>
<kw name="Capture Element Screenshot" library="RPA.Browser.Selenium">
<var>${screenshot}</var>
<arg>id=robot-preview</arg>
<arg>/home/felipe_carlone/Desktop/Robocorp_2${/}${row}\.png</arg>
<doc>Captures a screenshot from the element identified by ``locator`` and embeds it into log file.</doc>
<msg timestamp="20220624 08:42:56.019" level="INFO" html="true">&lt;/td&gt;&lt;/tr&gt;&lt;tr&gt;&lt;td colspan="3"&gt;&lt;a href="../20.png"&gt;&lt;img src="../20.png" width="400px"&gt;&lt;/a&gt;</msg>
<msg timestamp="20220624 08:42:56.020" level="INFO">${screenshot} = /home/felipe_carlone/Desktop/Robocorp_2/20.png</msg>
<status status="PASS" starttime="20220624 08:42:55.921" endtime="20220624 08:42:56.020"/>
</kw>
<return>
<value>${screenshot}</value>
<status status="PASS" starttime="20220624 08:42:56.020" endtime="20220624 08:42:56.020"/>
</return>
<msg timestamp="20220624 08:42:56.021" level="INFO">${screenshot} = /home/felipe_carlone/Desktop/Robocorp_2/20.png</msg>
<status status="PASS" starttime="20220624 08:42:55.920" endtime="20220624 08:42:56.021"/>
</kw>
<kw name="Embed the robot screenshot to the receipt PDF file">
<arg>${row}[Order number]</arg>
<kw name="Open Pdf" library="RPA.PDF">
<arg>/home/felipe_carlone/Desktop/Robocorp_2${/}${row}\.pdf</arg>
<doc>Open a PDF document for reading.</doc>
<status status="PASS" starttime="20220624 08:42:56.022" endtime="20220624 08:42:56.022"/>
</kw>
<kw name="Add Watermark Image To Pdf" library="RPA.PDF">
<arg>/home/felipe_carlone/Desktop/Robocorp_2${/}${row}\.png</arg>
<arg>/home/felipe_carlone/Desktop/Robocorp_2${/}${row}\.pdf</arg>
<doc>Add an image into an existing or new PDF.</doc>
<status status="PASS" starttime="20220624 08:42:56.023" endtime="20220624 08:42:56.068"/>
</kw>
<kw name="Remove Files" library="RPA.FileSystem">
<arg>/home/felipe_carlone/Desktop/Robocorp_2${/}${row}\.png</arg>
<doc>Removes multiple files.</doc>
<status status="PASS" starttime="20220624 08:42:56.068" endtime="20220624 08:42:56.069"/>
</kw>
<status status="PASS" starttime="20220624 08:42:56.021" endtime="20220624 08:42:56.069"/>
</kw>
<kw name="Go to order another robot">
<kw name="Click Button" library="RPA.Browser.Selenium">
<arg>xpath:/html/body/div/div/div[1]/div/div[1]/div/button</arg>
<doc>Clicks the button identified by ``locator``.</doc>
<msg timestamp="20220624 08:42:56.070" level="INFO">Clicking button 'xpath:/html/body/div/div/div[1]/div/div[1]/div/button'.</msg>
<status status="PASS" starttime="20220624 08:42:56.070" endtime="20220624 08:42:56.229"/>
</kw>
<status status="PASS" starttime="20220624 08:42:56.069" endtime="20220624 08:42:56.230"/>
</kw>
<status status="PASS" starttime="20220624 08:42:54.998" endtime="20220624 08:42:56.230"/>
</iter>
<status status="PASS" starttime="20220624 08:42:35.438" endtime="20220624 08:42:56.230"/>
</for>
<kw name="Create a ZIP file of the receipts">
<kw name="Archive Folder With Zip" library="RPA.Archive">
<arg>/home/felipe_carlone/Desktop/Robocorp_2</arg>
<arg>/home/felipe_carlone/Desktop/Robocorp_2/PDFszipado.zip</arg>
<arg>include=*.pdf</arg>
<doc>Create a zip archive of a folder</doc>
<status status="PASS" starttime="20220624 08:42:56.231" endtime="20220624 08:42:56.242"/>
</kw>
<status status="PASS" starttime="20220624 08:42:56.231" endtime="20220624 08:42:56.243"/>
</kw>
<status status="PASS" starttime="20220624 08:42:32.933" endtime="20220624 08:42:56.243"/>
</test>
<doc>Esse eh o meu robo.</doc>
<status status="PASS" starttime="20220624 08:42:31.185" endtime="20220624 08:42:56.245"/>
</suite>
<statistics>
<total>
<stat pass="1" fail="0" skip="0">All Tasks</stat>
</total>
<tag>
</tag>
<suite>
<stat pass="1" fail="0" skip="0" id="s1" name="Tasks">Tasks</stat>
</suite>
</statistics>
<errors>
<msg timestamp="20220624 08:42:32.000" level="WARN">RPA.Word.Application library works only on Windows platform</msg>
<msg timestamp="20220624 08:42:32.000" level="WARN">Word application library requires Windows dependencies to work.</msg>
<msg timestamp="20220624 08:42:32.675" level="WARN">This is a deprecated import that will be removed in favor of RPA.Robocorp.WorkItems</msg>
<msg timestamp="20220624 08:42:32.932" level="WARN">No input work items file found: None</msg>
</errors>
</robot>
